Using pre-set license
Built from '2020.3/staging' branch; Version is '2020.3.17f1 (a4537701e4ab) revision 10769271'; Using compiler version '192528614'; Build Type 'Release'
OS: 'Windows 10 Home; OS build 19042.1348; Version 2009; 64bit' Language: 'en' Physical Memory: 8154 MB
BatchMode: 1, IsHumanControllingUs: 0, StartBugReporterOnCrash: 0, Is64bit: 1, IsPro: 0

COMMAND LINE ARGUMENTS:
C:\Program Files\Unity\Hub\Editor\2020.3.17f1\Editor\Unity.exe
-adb2
-batchMode
-noUpm
-name
AssetImportWorker0
-projectPath
C:/Users/JonF/OneDrive - Solihull College and University Centre/Documents/GitHub/ChristmasTree/ChristmasTreeGame
-logFile
Logs/AssetImportWorker0.log
-srvPort
52144
Successfully changed project path to: C:/Users/JonF/OneDrive - Solihull College and University Centre/Documents/GitHub/ChristmasTree/ChristmasTreeGame
C:/Users/JonF/OneDrive - Solihull College and University Centre/Documents/GitHub/ChristmasTree/ChristmasTreeGame
Using Asset Import Pipeline V2.
Refreshing native plugins compatible for Editor in 35.35 ms, found 2 plugins.
Preloading 0 native plugins for Editor in 0.00 ms.
Initialize engine version: 2020.3.17f1 (a4537701e4ab)
[Subsystems] Discovering subsystems at path C:/Program Files/Unity/Hub/Editor/2020.3.17f1/Editor/Data/Resources/UnitySubsystems
[Subsystems] Discovering subsystems at path C:/Users/JonF/OneDrive - Solihull College and University Centre/Documents/GitHub/ChristmasTree/ChristmasTreeGame/Assets
GfxDevice: creating device client; threaded=0
Direct3D:
    Version:  Direct3D 11.0 [level 11.1]
    Renderer: NVIDIA GeForce GTX 1060 6GB (ID=0x1c03)
    Vendor:   
    VRAM:     6052 MB
    Driver:   30.0.14.7196
Initialize mono
Mono path[0] = 'C:/Program Files/Unity/Hub/Editor/2020.3.17f1/Editor/Data/Managed'
Mono path[1] = 'C:/Program Files/Unity/Hub/Editor/2020.3.17f1/Editor/Data/MonoBleedingEdge/lib/mono/unityjit'
Mono config path = 'C:/Program Files/Unity/Hub/Editor/2020.3.17f1/Editor/Data/MonoBleedingEdge/etc'
Using monoOptions --debugger-agent=transport=dt_socket,embedding=1,server=y,suspend=n,address=127.0.0.1:56608
Begin MonoManager ReloadAssembly
Registering precompiled unity dll's ...
Register platform support module: C:/Program Files/Unity/Hub/Editor/2020.3.17f1/Editor/Data/PlaybackEngines/WebGLSupport/UnityEditor.WebGL.Extensions.dll
Register platform support module: C:/Program Files/Unity/Hub/Editor/2020.3.17f1/Editor/Data/PlaybackEngines/WindowsStandaloneSupport/UnityEditor.WindowsStandalone.Extensions.dll
Registered in 0.002888 seconds.
Native extension for WindowsStandalone target not found
Native extension for WebGL target not found
Refreshing native plugins compatible for Editor in 30.26 ms, found 2 plugins.
Preloading 0 native plugins for Editor in 0.00 ms.
Mono: successfully reloaded assembly
- Completed reload, in  2.775 seconds
Domain Reload Profiling:
	ReloadAssembly (2775ms)
		BeginReloadAssembly (68ms)
			ExecutionOrderSort (0ms)
			DisableScriptedObjects (0ms)
			BackupInstance (0ms)
			ReleaseScriptingObjects (0ms)
			CreateAndSetChildDomain (1ms)
		EndReloadAssembly (444ms)
			LoadAssemblies (66ms)
			RebuildTransferFunctionScriptingTraits (0ms)
			SetupTypeCache (166ms)
			ReleaseScriptCaches (0ms)
			RebuildScriptCaches (32ms)
			SetupLoadedEditorAssemblies (168ms)
				LogAssemblyErrors (0ms)
				InitializePlatformSupportModulesInManaged (5ms)
				SetLoadedEditorAssemblies (0ms)
				RefreshPlugins (30ms)
				BeforeProcessingInitializeOnLoad (17ms)
				ProcessInitializeOnLoadAttributes (85ms)
				ProcessInitializeOnLoadMethodAttributes (29ms)
				AfterProcessingInitializeOnLoad (0ms)
				EditorAssembliesLoaded (0ms)
			ExecutionOrderSort2 (0ms)
			AwakeInstancesAfterBackupRestoration (0ms)
Platform modules already initialized, skipping
Registering precompiled user dll's ...
Registered in 0.005287 seconds.
Begin MonoManager ReloadAssembly
Native extension for WindowsStandalone target not found
Native extension for WebGL target not found
Refreshing native plugins compatible for Editor in 0.28 ms, found 2 plugins.
Preloading 0 native plugins for Editor in 0.00 ms.
Mono: successfully reloaded assembly
- Completed reload, in  1.348 seconds
Domain Reload Profiling:
	ReloadAssembly (1349ms)
		BeginReloadAssembly (163ms)
			ExecutionOrderSort (0ms)
			DisableScriptedObjects (5ms)
			BackupInstance (0ms)
			ReleaseScriptingObjects (0ms)
			CreateAndSetChildDomain (19ms)
		EndReloadAssembly (1119ms)
			LoadAssemblies (99ms)
			RebuildTransferFunctionScriptingTraits (0ms)
			SetupTypeCache (311ms)
			ReleaseScriptCaches (0ms)
			RebuildScriptCaches (55ms)
			SetupLoadedEditorAssemblies (511ms)
				LogAssemblyErrors (0ms)
				InitializePlatformSupportModulesInManaged (6ms)
				SetLoadedEditorAssemblies (1ms)
				RefreshPlugins (0ms)
				BeforeProcessingInitializeOnLoad (83ms)
				ProcessInitializeOnLoadAttributes (408ms)
				ProcessInitializeOnLoadMethodAttributes (4ms)
				AfterProcessingInitializeOnLoad (8ms)
				EditorAssembliesLoaded (0ms)
			ExecutionOrderSort2 (0ms)
			AwakeInstancesAfterBackupRestoration (7ms)
Platform modules already initialized, skipping
========================================================================
Worker process is ready to serve import requests
Launched and connected shader compiler UnityShaderCompiler.exe after 0.07 seconds
Refreshing native plugins compatible for Editor in 0.29 ms, found 2 plugins.
Preloading 0 native plugins for Editor in 0.00 ms.
Unloading 1397 Unused Serialized files (Serialized files now loaded: 0)
System memory in use before: 65.5 MB.
System memory in use after: 65.5 MB.

Unloading 18 unused Assets to reduce memory usage. Loaded Objects now: 1830.
Total: 2.729600 ms (FindLiveObjects: 0.145800 ms CreateObjectMapping: 0.046000 ms MarkObjects: 2.472500 ms  DeleteObjects: 0.063900 ms)

AssetImportParameters requested are different than current active one (requested -> active):
  custom:framework-win-MediaFoundation: 216162199b28c13a410421893ffa2e32 -> 
  custom:video-decoder-ogg-theora: a1e56fd34408186e4bbccfd4996cb3dc -> 
  custom:container-muxer-webm: aa71ff27fc2769a1b78a27578f13a17b -> 
  custom:container-demuxer-webm: 4f35f7cbe854078d1ac9338744f61a02 -> 
  custom:container-demuxer-ogg: 62fdf1f143b41e24485cea50d1cbac27 -> 
  custom:video-encoder-webm-vp8: eb34c28f22e8b96e1ab97ce403110664 -> 
  custom:video-codec-MediaFoundation-h265: 746d11721c4dcdbdad8f713fa42b33f4 -> 
  custom:video-decoder-webm-vp8: 9c59270c3fd7afecdb556c50c9e8de78 -> 
  custom:audio-decoder-ogg-vorbis: bf7c407c2cedff20999df2af8eb42d56 -> 
  custom:audio-encoder-webm-vorbis: bf7c407c2cedff20999df2af8eb42d56 -> 
========================================================================
Received Import Request.
  path: Assets/Scenes/Jon Scene.unity
  artifactKey: Guid(53f3dba1c5fae2c4eaeb0ebb2f0b4daa) Importer(815301076,1909f56bfc062723c751e8b465ee728b)
Start importing Assets/Scenes/Jon Scene.unity using Guid(53f3dba1c5fae2c4eaeb0ebb2f0b4daa) Importer(815301076,1909f56bfc062723c751e8b465ee728b)  -> (artifact id: 'da5e914140448cff7cdbf5142e66e6ea') in 0.054610 seconds 
  Import took 0.056845 seconds .

========================================================================
Received Import Request.
  Time since last request: 11.425993 seconds.
  path: Assets/yeti.fbx
  artifactKey: Guid(1637ca36260bd8343a6ec990b357152d) Importer(815301076,1909f56bfc062723c751e8b465ee728b)
Start importing Assets/yeti.fbx using Guid(1637ca36260bd8343a6ec990b357152d) Importer(815301076,1909f56bfc062723c751e8b465ee728b)  -> (artifact id: 'dffec4b4fdc179f69dbc1bbd80104bdb') in 0.910687 seconds 
  Import took 0.914101 seconds .

========================================================================
Received Import Request.
  Time since last request: 25.077929 seconds.
  path: Assets/yeti.blend
  artifactKey: Guid(480548ed1622d6941a4da5442b377808) Importer(815301076,1909f56bfc062723c751e8b465ee728b)
Start importing Assets/yeti.blend using Guid(480548ed1622d6941a4da5442b377808) Importer(815301076,1909f56bfc062723c751e8b465ee728b)  -> (artifact id: '7b2d4f5348c29abee435df5844864444') in 0.048863 seconds 
  Import took 0.052110 seconds .

========================================================================
Received Import Request.
  Time since last request: 1.672203 seconds.
  path: Assets/yeti_TEXTURE.png
  artifactKey: Guid(f7e47a3a8e47bd740911cb831a7dc1d8) Importer(815301076,1909f56bfc062723c751e8b465ee728b)
Start importing Assets/yeti_TEXTURE.png using Guid(f7e47a3a8e47bd740911cb831a7dc1d8) Importer(815301076,1909f56bfc062723c751e8b465ee728b)  -> (artifact id: 'dd6134fcc84d1e1893d4aa37303ee1df') in 0.049292 seconds 
  Import took 0.051884 seconds .

========================================================================
Received Prepare
Registering precompiled user dll's ...
Registered in 0.005610 seconds.
Begin MonoManager ReloadAssembly
Native extension for WindowsStandalone target not found
Native extension for WebGL target not found
Refreshing native plugins compatible for Editor in 0.28 ms, found 2 plugins.
Preloading 0 native plugins for Editor in 0.00 ms.
Mono: successfully reloaded assembly
- Completed reload, in  1.094 seconds
Domain Reload Profiling:
	ReloadAssembly (1095ms)
		BeginReloadAssembly (125ms)
			ExecutionOrderSort (0ms)
			DisableScriptedObjects (4ms)
			BackupInstance (0ms)
			ReleaseScriptingObjects (0ms)
			CreateAndSetChildDomain (36ms)
		EndReloadAssembly (899ms)
			LoadAssemblies (102ms)
			RebuildTransferFunctionScriptingTraits (0ms)
			SetupTypeCache (277ms)
			ReleaseScriptCaches (1ms)
			RebuildScriptCaches (37ms)
			SetupLoadedEditorAssemblies (393ms)
				LogAssemblyErrors (0ms)
				InitializePlatformSupportModulesInManaged (7ms)
				SetLoadedEditorAssemblies (0ms)
				RefreshPlugins (0ms)
				BeforeProcessingInitializeOnLoad (79ms)
				ProcessInitializeOnLoadAttributes (296ms)
				ProcessInitializeOnLoadMethodAttributes (4ms)
				AfterProcessingInitializeOnLoad (7ms)
				EditorAssembliesLoaded (0ms)
			ExecutionOrderSort2 (0ms)
			AwakeInstancesAfterBackupRestoration (6ms)
Platform modules already initialized, skipping
Refreshing native plugins compatible for Editor in 0.30 ms, found 2 plugins.
Preloading 0 native plugins for Editor in 0.00 ms.
Unloading 1391 Unused Serialized files (Serialized files now loaded: 0)
System memory in use before: 82.4 MB.
System memory in use after: 82.5 MB.

Unloading 13 unused Assets to reduce memory usage. Loaded Objects now: 1877.
Total: 2.907200 ms (FindLiveObjects: 0.136300 ms CreateObjectMapping: 0.042700 ms MarkObjects: 2.688800 ms  DeleteObjects: 0.038300 ms)

AssetImportParameters requested are different than current active one (requested -> active):
  custom:framework-win-MediaFoundation: 216162199b28c13a410421893ffa2e32 -> 
  custom:video-decoder-ogg-theora: a1e56fd34408186e4bbccfd4996cb3dc -> 
  custom:container-muxer-webm: aa71ff27fc2769a1b78a27578f13a17b -> 
  custom:container-demuxer-webm: 4f35f7cbe854078d1ac9338744f61a02 -> 
  custom:container-demuxer-ogg: 62fdf1f143b41e24485cea50d1cbac27 -> 
  custom:video-encoder-webm-vp8: eb34c28f22e8b96e1ab97ce403110664 -> 
  custom:video-codec-MediaFoundation-h265: 746d11721c4dcdbdad8f713fa42b33f4 -> 
  custom:video-decoder-webm-vp8: 9c59270c3fd7afecdb556c50c9e8de78 -> 
  custom:audio-decoder-ogg-vorbis: bf7c407c2cedff20999df2af8eb42d56 -> 
  custom:audio-encoder-webm-vorbis: bf7c407c2cedff20999df2af8eb42d56 -> 
========================================================================
Received Import Request.
  Time since last request: 167.265055 seconds.
  path: Assets/Fbx
  artifactKey: Guid(1d99fcf227ed248408fae296071b2796) Importer(815301076,1909f56bfc062723c751e8b465ee728b)
Start importing Assets/Fbx using Guid(1d99fcf227ed248408fae296071b2796) Importer(815301076,1909f56bfc062723c751e8b465ee728b)  -> (artifact id: '13006f2e6b443118f89b8e7ce50974ba') in 0.012522 seconds 
  Import took 0.015406 seconds .

========================================================================
Received Import Request.
  Time since last request: 0.070495 seconds.
  path: Assets/Fbx/Hill_winter_001.fbx
  artifactKey: Guid(4bee2a61ca635ea498b50adc2d5e2a08) Importer(815301076,1909f56bfc062723c751e8b465ee728b)
Start importing Assets/Fbx/Hill_winter_001.fbx using Guid(4bee2a61ca635ea498b50adc2d5e2a08) Importer(815301076,1909f56bfc062723c751e8b465ee728b)  -> (artifact id: '1e3a78e9966bd3ee7793f27f14cf4745') in 0.093143 seconds 
  Import took 0.095564 seconds .

========================================================================
Received Import Request.
  Time since last request: 0.000174 seconds.
  path: Assets/Fbx/Mountain_winter_005.fbx
  artifactKey: Guid(2670624ca44cfda4cbdcba7c72a71492) Importer(815301076,1909f56bfc062723c751e8b465ee728b)
Start importing Assets/Fbx/Mountain_winter_005.fbx using Guid(2670624ca44cfda4cbdcba7c72a71492) Importer(815301076,1909f56bfc062723c751e8b465ee728b)  -> (artifact id: '23f7edd4fb792fad73de5ebf5478e6d9') in 0.035649 seconds 
  Import took 0.037971 seconds .

========================================================================
Received Import Request.
  Time since last request: 0.000180 seconds.
  path: Assets/Fbx/Mountain_winter_003.fbx
  artifactKey: Guid(b31928ea58d48cb44b81b85f2b27e819) Importer(815301076,1909f56bfc062723c751e8b465ee728b)
Start importing Assets/Fbx/Mountain_winter_003.fbx using Guid(b31928ea58d48cb44b81b85f2b27e819) Importer(815301076,1909f56bfc062723c751e8b465ee728b)  -> (artifact id: '4c44d0f0856c9dc5e48dfd28d910be19') in 0.032882 seconds 
  Import took 0.035158 seconds .

========================================================================
Received Import Request.
  Time since last request: 0.000214 seconds.
  path: Assets/Fbx/Mountain_winter_010.fbx
  artifactKey: Guid(0f583335644504c4ca86637a989f2e7d) Importer(815301076,1909f56bfc062723c751e8b465ee728b)
Start importing Assets/Fbx/Mountain_winter_010.fbx using Guid(0f583335644504c4ca86637a989f2e7d) Importer(815301076,1909f56bfc062723c751e8b465ee728b)  -> (artifact id: 'cd55e7e29b42e9f58137ac140275902c') in 0.031372 seconds 
  Import took 0.035286 seconds .

========================================================================
Received Import Request.
  Time since last request: 0.000187 seconds.
  path: Assets/Fbx/Mountain_winter_002.fbx
  artifactKey: Guid(b421b92f315523044a3b7e5a4737ee77) Importer(815301076,1909f56bfc062723c751e8b465ee728b)
Start importing Assets/Fbx/Mountain_winter_002.fbx using Guid(b421b92f315523044a3b7e5a4737ee77) Importer(815301076,1909f56bfc062723c751e8b465ee728b)  -> (artifact id: '33738c4a547ab8fcaf24ad3eedd05aed') in 0.032680 seconds 
  Import took 0.035111 seconds .

========================================================================
Received Import Request.
  Time since last request: 0.000189 seconds.
  path: Assets/Fbx/Plateau_winter_003.fbx
  artifactKey: Guid(a26b3d7aae7e7734e91d0e4d3bc1178f) Importer(815301076,1909f56bfc062723c751e8b465ee728b)
Start importing Assets/Fbx/Plateau_winter_003.fbx using Guid(a26b3d7aae7e7734e91d0e4d3bc1178f) Importer(815301076,1909f56bfc062723c751e8b465ee728b)  -> (artifact id: '8c1c6cef1aa9d0a29066b95286d9ec1b') in 0.039232 seconds 
  Import took 0.041904 seconds .

========================================================================
Received Import Request.
  Time since last request: 0.000186 seconds.
  path: Assets/Fbx/Hill_winter_003.fbx
  artifactKey: Guid(a9a484cdb9105634581ddea7995adb62) Importer(815301076,1909f56bfc062723c751e8b465ee728b)
Start importing Assets/Fbx/Hill_winter_003.fbx using Guid(a9a484cdb9105634581ddea7995adb62) Importer(815301076,1909f56bfc062723c751e8b465ee728b)  -> (artifact id: '9220036adb54e34f0f026c16ba3c5baf') in 0.050365 seconds 
  Import took 0.052948 seconds .

========================================================================
Received Import Request.
  Time since last request: 0.000182 seconds.
  path: Assets/Fbx/Mountain_winter_007.fbx
  artifactKey: Guid(433e8f21dfd43df4ba2f2214cb79c728) Importer(815301076,1909f56bfc062723c751e8b465ee728b)
Start importing Assets/Fbx/Mountain_winter_007.fbx using Guid(433e8f21dfd43df4ba2f2214cb79c728) Importer(815301076,1909f56bfc062723c751e8b465ee728b)  -> (artifact id: '08b8d4c41f0ab03e3110db782219cbff') in 0.043117 seconds 
  Import took 0.045724 seconds .

========================================================================
Received Import Request.
  Time since last request: 0.000428 seconds.
  path: Assets/Fbx/Plateau_winter_002.fbx
  artifactKey: Guid(8236d7302b93e0646bbb480c840a9b14) Importer(815301076,1909f56bfc062723c751e8b465ee728b)
Start importing Assets/Fbx/Plateau_winter_002.fbx using Guid(8236d7302b93e0646bbb480c840a9b14) Importer(815301076,1909f56bfc062723c751e8b465ee728b)  -> (artifact id: '31c6c6b2e71056c6b985d52316521e58') in 0.032639 seconds 
  Import took 0.035004 seconds .

========================================================================
Received Import Request.
  Time since last request: 0.000186 seconds.
  path: Assets/Fbx/Hill_winter_005.fbx
  artifactKey: Guid(3bb304eed3e5d024ea5a8639de10e932) Importer(815301076,1909f56bfc062723c751e8b465ee728b)
Start importing Assets/Fbx/Hill_winter_005.fbx using Guid(3bb304eed3e5d024ea5a8639de10e932) Importer(815301076,1909f56bfc062723c751e8b465ee728b)  -> (artifact id: '58ae8c65c2c79902d9be1fa7ccc55a99') in 0.034163 seconds 
  Import took 0.037206 seconds .

========================================================================
Received Import Request.
  Time since last request: 0.000185 seconds.
  path: Assets/Fbx/Mountain_winter_009.fbx
  artifactKey: Guid(f9439ef26a6040343b19ae3cb29141ca) Importer(815301076,1909f56bfc062723c751e8b465ee728b)
Start importing Assets/Fbx/Mountain_winter_009.fbx using Guid(f9439ef26a6040343b19ae3cb29141ca) Importer(815301076,1909f56bfc062723c751e8b465ee728b)  -> (artifact id: '99fe850e79745de78f4aef197a8eae2a') in 0.034115 seconds 
  Import took 0.037047 seconds .

========================================================================
Received Import Request.
  Time since last request: 0.000189 seconds.
  path: Assets/Fbx/Mountain_winter_008.fbx
  artifactKey: Guid(2308013d37b17b14896c2d18e87c07eb) Importer(815301076,1909f56bfc062723c751e8b465ee728b)
Start importing Assets/Fbx/Mountain_winter_008.fbx using Guid(2308013d37b17b14896c2d18e87c07eb) Importer(815301076,1909f56bfc062723c751e8b465ee728b)  -> (artifact id: '0011cd016cb336cdc29793734c98fd93') in 0.041461 seconds 
  Import took 0.043860 seconds .

========================================================================
Received Import Request.
  Time since last request: 0.000188 seconds.
  path: Assets/Fbx/Plateau_winter_005.fbx
  artifactKey: Guid(60c6195e2fc47aa41b900ecfc953e6cb) Importer(815301076,1909f56bfc062723c751e8b465ee728b)
Start importing Assets/Fbx/Plateau_winter_005.fbx using Guid(60c6195e2fc47aa41b900ecfc953e6cb) Importer(815301076,1909f56bfc062723c751e8b465ee728b)  -> (artifact id: 'ce1cc2ec709ef6ba7926df0f64e0e934') in 0.034125 seconds 
  Import took 0.037695 seconds .

========================================================================
Received Import Request.
  Time since last request: 0.000191 seconds.
  path: Assets/Fbx/Hill_winter_002.fbx
  artifactKey: Guid(cb5200ae2a95eb74fb7b0e1142a52a39) Importer(815301076,1909f56bfc062723c751e8b465ee728b)
Start importing Assets/Fbx/Hill_winter_002.fbx using Guid(cb5200ae2a95eb74fb7b0e1142a52a39) Importer(815301076,1909f56bfc062723c751e8b465ee728b)  -> (artifact id: 'f946cc67d2224bc99999ceb56aa58c9a') in 0.033752 seconds 
  Import took 0.036043 seconds .

========================================================================
Received Import Request.
  Time since last request: 0.000189 seconds.
  path: Assets/Fbx/Mountain_winter_006.fbx
  artifactKey: Guid(0beab4b2a3ce48b4288c7fd733f90fde) Importer(815301076,1909f56bfc062723c751e8b465ee728b)
Start importing Assets/Fbx/Mountain_winter_006.fbx using Guid(0beab4b2a3ce48b4288c7fd733f90fde) Importer(815301076,1909f56bfc062723c751e8b465ee728b)  -> (artifact id: 'b7bd9ffd0445337e3768639802d360b8') in 0.033958 seconds 
  Import took 0.036762 seconds .

========================================================================
Received Import Request.
  Time since last request: 0.000182 seconds.
  path: Assets/Fbx/Hill_winter_004.fbx
  artifactKey: Guid(c29bbc819d5c9ef46b871495ce1b3526) Importer(815301076,1909f56bfc062723c751e8b465ee728b)
Start importing Assets/Fbx/Hill_winter_004.fbx using Guid(c29bbc819d5c9ef46b871495ce1b3526) Importer(815301076,1909f56bfc062723c751e8b465ee728b)  -> (artifact id: '0b404c2b0decffa3e008f18e6187a1f2') in 0.035466 seconds 
  Import took 0.037787 seconds .

========================================================================
Received Import Request.
  Time since last request: 0.000185 seconds.
  path: Assets/Fbx/Mountain_winter_001.fbx
  artifactKey: Guid(db9767c4d04d3b6429bbf24c2da205eb) Importer(815301076,1909f56bfc062723c751e8b465ee728b)
Start importing Assets/Fbx/Mountain_winter_001.fbx using Guid(db9767c4d04d3b6429bbf24c2da205eb) Importer(815301076,1909f56bfc062723c751e8b465ee728b)  -> (artifact id: 'b0124b291363afe7a06b620443041e50') in 0.036894 seconds 
  Import took 0.039204 seconds .

========================================================================
Received Import Request.
  Time since last request: 0.000186 seconds.
  path: Assets/Fbx/Plateau_winter_004.fbx
  artifactKey: Guid(79aa13a9d8cce3e41b91d9f274ec93ce) Importer(815301076,1909f56bfc062723c751e8b465ee728b)
Start importing Assets/Fbx/Plateau_winter_004.fbx using Guid(79aa13a9d8cce3e41b91d9f274ec93ce) Importer(815301076,1909f56bfc062723c751e8b465ee728b)  -> (artifact id: 'c8c27bc6900dada8895deb2e3d28b798') in 0.036200 seconds 
  Import took 0.038939 seconds .

========================================================================
Received Import Request.
  Time since last request: 0.000188 seconds.
  path: Assets/Fbx/Mountain_winter_004.fbx
  artifactKey: Guid(71cbcea8fad93f347ab77dbb7985d25a) Importer(815301076,1909f56bfc062723c751e8b465ee728b)
Start importing Assets/Fbx/Mountain_winter_004.fbx using Guid(71cbcea8fad93f347ab77dbb7985d25a) Importer(815301076,1909f56bfc062723c751e8b465ee728b)  -> (artifact id: 'c710d5ce7fd4d7adfe984019d8837806') in 0.036691 seconds 
  Import took 0.039839 seconds .

========================================================================
Received Import Request.
  Time since last request: 0.000191 seconds.
  path: Assets/Fbx/Plateau_winter_001.fbx
  artifactKey: Guid(81ec820540e9fb1459e16f0d3ef52f29) Importer(815301076,1909f56bfc062723c751e8b465ee728b)
Start importing Assets/Fbx/Plateau_winter_001.fbx using Guid(81ec820540e9fb1459e16f0d3ef52f29) Importer(815301076,1909f56bfc062723c751e8b465ee728b)  -> (artifact id: 'c3f9fcd400bdb95e58477f454795df6b') in 0.046902 seconds 
  Import took 0.049883 seconds .

========================================================================
Received Import Request.
  Time since last request: 10.708133 seconds.
  path: Assets/Fbx/T_Mountains_winter_32.png
  artifactKey: Guid(1ed9aacd1de1e2b4eadcb9220a788b53) Importer(815301076,1909f56bfc062723c751e8b465ee728b)
Start importing Assets/Fbx/T_Mountains_winter_32.png using Guid(1ed9aacd1de1e2b4eadcb9220a788b53) Importer(815301076,1909f56bfc062723c751e8b465ee728b)  -> (artifact id: 'ddcb089e2849fde8d9f2f53705a791b2') in 0.021213 seconds 
  Import took 0.023921 seconds .

========================================================================
Received Import Request.
  Time since last request: 154.040231 seconds.
  path: Assets/Fbx/Materials
  artifactKey: Guid(f63152e6eca9c6742bb236436534ed7c) Importer(815301076,1909f56bfc062723c751e8b465ee728b)
Start importing Assets/Fbx/Materials using Guid(f63152e6eca9c6742bb236436534ed7c) Importer(815301076,1909f56bfc062723c751e8b465ee728b)  -> (artifact id: 'ff4d448efd6b85048531e5f44afe888b') in 0.015442 seconds 
  Import took 0.019528 seconds .

========================================================================
Received Import Request.
  Time since last request: 0.085423 seconds.
  path: Assets/Fbx/Materials/T_Mountains_winter_32.mat
  artifactKey: Guid(b6d365383c2272c45a36ee3ef211cea6) Importer(815301076,1909f56bfc062723c751e8b465ee728b)
Start importing Assets/Fbx/Materials/T_Mountains_winter_32.mat using Guid(b6d365383c2272c45a36ee3ef211cea6) Importer(815301076,1909f56bfc062723c751e8b465ee728b)  -> (artifact id: '9c5869f09a1225e833f9f5accb7270ff') in 0.076400 seconds 
  Import took 0.080472 seconds .

========================================================================
Received Import Request.
  Time since last request: 16.084715 seconds.
  path: Assets/Materials/yeti_TEXTURE.mat
  artifactKey: Guid(7798fa7346e4a5942baedc45c38cbb50) Importer(815301076,1909f56bfc062723c751e8b465ee728b)
Start importing Assets/Materials/yeti_TEXTURE.mat using Guid(7798fa7346e4a5942baedc45c38cbb50) Importer(815301076,1909f56bfc062723c751e8b465ee728b)  -> (artifact id: '323af11d72fb53ffeab56870f4ca6fe7') in 0.016487 seconds 
  Import took 0.020507 seconds .

========================================================================
Received Import Request.
  Time since last request: 2.878524 seconds.
  path: Assets/Low Poly Christmas Pack Free/FBX
  artifactKey: Guid(2d63337328e114d788e360d5a3437a52) Importer(815301076,1909f56bfc062723c751e8b465ee728b)
Start importing Assets/Low Poly Christmas Pack Free/FBX using Guid(2d63337328e114d788e360d5a3437a52) Importer(815301076,1909f56bfc062723c751e8b465ee728b)  -> (artifact id: '4eaf480ba8d7d7c1323456d92890519c') in 0.009295 seconds 
  Import took 0.014256 seconds .

========================================================================
Received Import Request.
  Time since last request: 0.184142 seconds.
  path: Assets/Low Poly Christmas Pack Free/FBX/001 Snowman.fbx
  artifactKey: Guid(0f014151f33ae4ca1801bd402cacffe8) Importer(815301076,1909f56bfc062723c751e8b465ee728b)
Start importing Assets/Low Poly Christmas Pack Free/FBX/001 Snowman.fbx using Guid(0f014151f33ae4ca1801bd402cacffe8) Importer(815301076,1909f56bfc062723c751e8b465ee728b)  -> (artifact id: '1533ed57bfe0d54009d33b7849a0b55f') in 0.099489 seconds 
  Import took 0.102172 seconds .

========================================================================
Received Import Request.
  Time since last request: 0.000187 seconds.
  path: Assets/Low Poly Christmas Pack Free/FBX/016 Xmas_Tree.fbx
  artifactKey: Guid(63cb5028760324f5f8fdccbe150c122d) Importer(815301076,1909f56bfc062723c751e8b465ee728b)
Start importing Assets/Low Poly Christmas Pack Free/FBX/016 Xmas_Tree.fbx using Guid(63cb5028760324f5f8fdccbe150c122d) Importer(815301076,1909f56bfc062723c751e8b465ee728b)  -> (artifact id: '6593442e0f28565ade26b9f135051df4') in 0.068538 seconds 
  Import took 0.071710 seconds .

========================================================================
Received Import Request.
  Time since last request: 0.000185 seconds.
  path: Assets/Low Poly Christmas Pack Free/FBX/054 Xmas_Tree.fbx
  artifactKey: Guid(490e3a0c0950443cd9409a797b802dc8) Importer(815301076,1909f56bfc062723c751e8b465ee728b)
Start importing Assets/Low Poly Christmas Pack Free/FBX/054 Xmas_Tree.fbx using Guid(490e3a0c0950443cd9409a797b802dc8) Importer(815301076,1909f56bfc062723c751e8b465ee728b)  -> (artifact id: 'cede2203a3d2d9c10353f75425c8a842') in 0.047051 seconds 
  Import took 0.049477 seconds .

========================================================================
Received Import Request.
  Time since last request: 0.000188 seconds.
  path: Assets/Low Poly Christmas Pack Free/FBX/029 Garland.fbx
  artifactKey: Guid(41c17262155a04f4ba21794cf6286caa) Importer(815301076,1909f56bfc062723c751e8b465ee728b)
Start importing Assets/Low Poly Christmas Pack Free/FBX/029 Garland.fbx using Guid(41c17262155a04f4ba21794cf6286caa) Importer(815301076,1909f56bfc062723c751e8b465ee728b)  -> (artifact id: '61e00486cc06566080a073783bb72a70') in 0.082067 seconds 
  Import took 0.084612 seconds .

========================================================================
Received Import Request.
  Time since last request: 0.000189 seconds.
  path: Assets/Low Poly Christmas Pack Free/FBX/037 Christmas_Socks.fbx
  artifactKey: Guid(6c49b1040a9cf43899f8f6dcfb89218d) Importer(815301076,1909f56bfc062723c751e8b465ee728b)
Start importing Assets/Low Poly Christmas Pack Free/FBX/037 Christmas_Socks.fbx using Guid(6c49b1040a9cf43899f8f6dcfb89218d) Importer(815301076,1909f56bfc062723c751e8b465ee728b)  -> (artifact id: 'b0377f347283ae9a1370d9f5897e11a4') in 0.044825 seconds 
  Import took 0.047614 seconds .

========================================================================
Received Import Request.
  Time since last request: 0.000212 seconds.
  path: Assets/Low Poly Christmas Pack Free/FBX/084 Hen.fbx
  artifactKey: Guid(286d6ccbb2696403aae4f03752893e26) Importer(815301076,1909f56bfc062723c751e8b465ee728b)
Start importing Assets/Low Poly Christmas Pack Free/FBX/084 Hen.fbx using Guid(286d6ccbb2696403aae4f03752893e26) Importer(815301076,1909f56bfc062723c751e8b465ee728b)  -> (artifact id: 'eb59159ec7a784843d87a14d59a66b6e') in 0.074008 seconds 
  Import took 0.077372 seconds .

========================================================================
Received Import Request.
  Time since last request: 0.000210 seconds.
  path: Assets/Low Poly Christmas Pack Free/FBX/028 Santa_het.fbx
  artifactKey: Guid(1c66abe1d2910408eb7771753d324605) Importer(815301076,1909f56bfc062723c751e8b465ee728b)
Start importing Assets/Low Poly Christmas Pack Free/FBX/028 Santa_het.fbx using Guid(1c66abe1d2910408eb7771753d324605) Importer(815301076,1909f56bfc062723c751e8b465ee728b)  -> (artifact id: '293f7548ea7ba590c2abaeb00240acc5') in 0.068114 seconds 
  Import took 0.073059 seconds .

========================================================================
Received Import Request.
  Time since last request: 0.000272 seconds.
  path: Assets/Low Poly Christmas Pack Free/FBX/069 Rabbir.fbx
  artifactKey: Guid(465ed9d1959734b94b20cd26a1069e60) Importer(815301076,1909f56bfc062723c751e8b465ee728b)
Start importing Assets/Low Poly Christmas Pack Free/FBX/069 Rabbir.fbx using Guid(465ed9d1959734b94b20cd26a1069e60) Importer(815301076,1909f56bfc062723c751e8b465ee728b)  -> (artifact id: '4c0fdb676e2e9d849be50cad67f614c9') in 0.074541 seconds 
  Import took 0.077037 seconds .

========================================================================
Received Import Request.
  Time since last request: 0.000189 seconds.
  path: Assets/Low Poly Christmas Pack Free/FBX/065 Deer.fbx
  artifactKey: Guid(299dc2592b9a04a13bdc9aa4164732b8) Importer(815301076,1909f56bfc062723c751e8b465ee728b)
Start importing Assets/Low Poly Christmas Pack Free/FBX/065 Deer.fbx using Guid(299dc2592b9a04a13bdc9aa4164732b8) Importer(815301076,1909f56bfc062723c751e8b465ee728b)  -> (artifact id: '86f0d66afea619d9ad8871b644101a0f') in 0.084363 seconds 
  Import took 0.087724 seconds .

========================================================================
Received Import Request.
  Time since last request: 0.000194 seconds.
  path: Assets/Low Poly Christmas Pack Free/FBX/064 Xmas_Boy.fbx
  artifactKey: Guid(4a8c09580eefd43e9accc4c9daa8b414) Importer(815301076,1909f56bfc062723c751e8b465ee728b)
Start importing Assets/Low Poly Christmas Pack Free/FBX/064 Xmas_Boy.fbx using Guid(4a8c09580eefd43e9accc4c9daa8b414) Importer(815301076,1909f56bfc062723c751e8b465ee728b)  -> (artifact id: 'f2a182f0e7081f1a2d597c559a1ea2e7') in 0.094840 seconds 
  Import took 0.097595 seconds .

========================================================================
Received Import Request.
  Time since last request: 0.000196 seconds.
  path: Assets/Low Poly Christmas Pack Free/FBX/089 Seal.fbx
  artifactKey: Guid(72e2f05d49eb24a32bf0cf225b2dafbb) Importer(815301076,1909f56bfc062723c751e8b465ee728b)
Start importing Assets/Low Poly Christmas Pack Free/FBX/089 Seal.fbx using Guid(72e2f05d49eb24a32bf0cf225b2dafbb) Importer(815301076,1909f56bfc062723c751e8b465ee728b)  -> (artifact id: '4ec48384515a270186233d8c0c8b098d') in 0.046606 seconds 
  Import took 0.049699 seconds .

========================================================================
Received Import Request.
  Time since last request: 0.000234 seconds.
  path: Assets/Low Poly Christmas Pack Free/FBX/026 Hand_gloves.fbx
  artifactKey: Guid(ccc9e696b9ec04dfd9e1acefc38adf5c) Importer(815301076,1909f56bfc062723c751e8b465ee728b)
Start importing Assets/Low Poly Christmas Pack Free/FBX/026 Hand_gloves.fbx using Guid(ccc9e696b9ec04dfd9e1acefc38adf5c) Importer(815301076,1909f56bfc062723c751e8b465ee728b)  -> (artifact id: 'f3df6d9f92159214fea28e3a9f4c84cb') in 0.095426 seconds 
  Import took 0.097965 seconds .

========================================================================
Received Import Request.
  Time since last request: 0.000405 seconds.
  path: Assets/Low Poly Christmas Pack Free/FBX/021 Teapot.fbx
  artifactKey: Guid(9275d63a2ea1d4409998c224e0f9b2b9) Importer(815301076,1909f56bfc062723c751e8b465ee728b)
Start importing Assets/Low Poly Christmas Pack Free/FBX/021 Teapot.fbx using Guid(9275d63a2ea1d4409998c224e0f9b2b9) Importer(815301076,1909f56bfc062723c751e8b465ee728b)  -> (artifact id: '911e6b30893b0cdb641b8c35a7d88e40') in 0.059221 seconds 
  Import took 0.062021 seconds .

========================================================================
Received Import Request.
  Time since last request: 0.000441 seconds.
  path: Assets/Low Poly Christmas Pack Free/FBX/079 House.fbx
  artifactKey: Guid(bbae9ca51fb504f0a81b23c3d7d57658) Importer(815301076,1909f56bfc062723c751e8b465ee728b)
Start importing Assets/Low Poly Christmas Pack Free/FBX/079 House.fbx using Guid(bbae9ca51fb504f0a81b23c3d7d57658) Importer(815301076,1909f56bfc062723c751e8b465ee728b)  -> (artifact id: 'be89e20c1ad5a07a0217b18d4887c734') in 0.060820 seconds 
  Import took 0.063325 seconds .

========================================================================
Received Import Request.
  Time since last request: 0.000207 seconds.
  path: Assets/Low Poly Christmas Pack Free/FBX/042 Candy.fbx
  artifactKey: Guid(bbb8d9c3f007a403f9f347481eaeb698) Importer(815301076,1909f56bfc062723c751e8b465ee728b)
Start importing Assets/Low Poly Christmas Pack Free/FBX/042 Candy.fbx using Guid(bbb8d9c3f007a403f9f347481eaeb698) Importer(815301076,1909f56bfc062723c751e8b465ee728b)  -> (artifact id: '5de8ea0556af9fe91215ef30e78a5b8a') in 0.042597 seconds 
  Import took 0.055567 seconds .

========================================================================
Received Import Request.
  Time since last request: 0.000188 seconds.
  path: Assets/Low Poly Christmas Pack Free/FBX/083 Chicken.fbx
  artifactKey: Guid(699eb9c6c2ccc4d168fa2ef309e76153) Importer(815301076,1909f56bfc062723c751e8b465ee728b)
Start importing Assets/Low Poly Christmas Pack Free/FBX/083 Chicken.fbx using Guid(699eb9c6c2ccc4d168fa2ef309e76153) Importer(815301076,1909f56bfc062723c751e8b465ee728b)  -> (artifact id: 'fdcf93cd3aaf34b60ff16132b07d2a14') in 0.080465 seconds 
  Import took 0.085290 seconds .

========================================================================
Received Import Request.
  Time since last request: 0.000184 seconds.
  path: Assets/Low Poly Christmas Pack Free/FBX/045 Xmas_Tree.fbx
  artifactKey: Guid(6270e91a63ae8440390b82c0a1dbd4f6) Importer(815301076,1909f56bfc062723c751e8b465ee728b)
Start importing Assets/Low Poly Christmas Pack Free/FBX/045 Xmas_Tree.fbx using Guid(6270e91a63ae8440390b82c0a1dbd4f6) Importer(815301076,1909f56bfc062723c751e8b465ee728b)  -> (artifact id: 'ec3b676cfe44ab7500f3ab4abb4648eb') in 0.117830 seconds 
  Import took 0.120411 seconds .

========================================================================
Received Import Request.
  Time since last request: 0.000216 seconds.
  path: Assets/Low Poly Christmas Pack Free/FBX/014 Gift_Box.fbx
  artifactKey: Guid(46d48d452147249dcadc3d1763fc2f39) Importer(815301076,1909f56bfc062723c751e8b465ee728b)
Start importing Assets/Low Poly Christmas Pack Free/FBX/014 Gift_Box.fbx using Guid(46d48d452147249dcadc3d1763fc2f39) Importer(815301076,1909f56bfc062723c751e8b465ee728b)  -> (artifact id: 'd0f5a048234db433e7b384d11fa96056') in 0.048295 seconds 
  Import took 0.050734 seconds .

========================================================================
Received Import Request.
  Time since last request: 0.000193 seconds.
  path: Assets/Low Poly Christmas Pack Free/FBX/019 Candle.fbx
  artifactKey: Guid(a6d92a839641846379f6e839bcfe410f) Importer(815301076,1909f56bfc062723c751e8b465ee728b)
Start importing Assets/Low Poly Christmas Pack Free/FBX/019 Candle.fbx using Guid(a6d92a839641846379f6e839bcfe410f) Importer(815301076,1909f56bfc062723c751e8b465ee728b)  -> (artifact id: 'ee7f0208f1f7d69c7f9608dca7b03c11') in 0.059049 seconds 
  Import took 0.061802 seconds .

========================================================================
Received Import Request.
  Time since last request: 0.000197 seconds.
  path: Assets/Low Poly Christmas Pack Free/FBX/025 Shoes.fbx
  artifactKey: Guid(738fc581bced64b6f9128982f34828cc) Importer(815301076,1909f56bfc062723c751e8b465ee728b)
Start importing Assets/Low Poly Christmas Pack Free/FBX/025 Shoes.fbx using Guid(738fc581bced64b6f9128982f34828cc) Importer(815301076,1909f56bfc062723c751e8b465ee728b)  -> (artifact id: '57e16c60a3da9861cb8d640ab2a3607a') in 0.073933 seconds 
  Import took 0.076289 seconds .

========================================================================
Received Import Request.
  Time since last request: 0.000195 seconds.
  path: Assets/Low Poly Christmas Pack Free/FBX/017 Santa_claus.fbx
  artifactKey: Guid(46990cbe35394486b92b5add2ab881a2) Importer(815301076,1909f56bfc062723c751e8b465ee728b)
Start importing Assets/Low Poly Christmas Pack Free/FBX/017 Santa_claus.fbx using Guid(46990cbe35394486b92b5add2ab881a2) Importer(815301076,1909f56bfc062723c751e8b465ee728b)  -> (artifact id: 'e977633fcc01ec2fa8dee23fe01c8624') in 0.062540 seconds 
  Import took 0.064945 seconds .

========================================================================
Received Import Request.
  Time since last request: 0.000185 seconds.
  path: Assets/Low Poly Christmas Pack Free/FBX/043 Sign Board.fbx
  artifactKey: Guid(f735180c87904468d9db55967fe698eb) Importer(815301076,1909f56bfc062723c751e8b465ee728b)
Start importing Assets/Low Poly Christmas Pack Free/FBX/043 Sign Board.fbx using Guid(f735180c87904468d9db55967fe698eb) Importer(815301076,1909f56bfc062723c751e8b465ee728b)  -> (artifact id: '273011b917f9d17622bc59d6dab2b141') in 0.066902 seconds 
  Import took 0.069665 seconds .

========================================================================
Received Import Request.
  Time since last request: 0.000262 seconds.
  path: Assets/Low Poly Christmas Pack Free/FBX/036 Xmas_Tree.fbx
  artifactKey: Guid(11f01bd0e20524ec0b9c86dab67c6d37) Importer(815301076,1909f56bfc062723c751e8b465ee728b)
Start importing Assets/Low Poly Christmas Pack Free/FBX/036 Xmas_Tree.fbx using Guid(11f01bd0e20524ec0b9c86dab67c6d37) Importer(815301076,1909f56bfc062723c751e8b465ee728b)  -> (artifact id: 'ee0ec88b013fd7b2b60c42af5ebdc186') in 0.067909 seconds 
  Import took 0.070838 seconds .

========================================================================
Received Import Request.
  Time since last request: 0.000279 seconds.
  path: Assets/Low Poly Christmas Pack Free/FBX/013 Hand_gloves.fbx
  artifactKey: Guid(ae6c4a1362fcd4e2e8ab73fd56f6ffac) Importer(815301076,1909f56bfc062723c751e8b465ee728b)
Start importing Assets/Low Poly Christmas Pack Free/FBX/013 Hand_gloves.fbx using Guid(ae6c4a1362fcd4e2e8ab73fd56f6ffac) Importer(815301076,1909f56bfc062723c751e8b465ee728b)  -> (artifact id: '5cdc36201477b56e06266a9f43e09a82') in 0.052368 seconds 
  Import took 0.054726 seconds .

========================================================================
Received Import Request.
  Time since last request: 0.000186 seconds.
  path: Assets/Low Poly Christmas Pack Free/FBX/002 Candle_Light.fbx
  artifactKey: Guid(87ed9a0d2b5084a3f98ebf880fd9a010) Importer(815301076,1909f56bfc062723c751e8b465ee728b)
Start importing Assets/Low Poly Christmas Pack Free/FBX/002 Candle_Light.fbx using Guid(87ed9a0d2b5084a3f98ebf880fd9a010) Importer(815301076,1909f56bfc062723c751e8b465ee728b)  -> (artifact id: '0d3aea13814d5531af4e9e661fad9ce6') in 0.047419 seconds 
  Import took 0.049958 seconds .

========================================================================
Received Import Request.
  Time since last request: 0.000188 seconds.
  path: Assets/Low Poly Christmas Pack Free/FBX/005 Candy_Stick.fbx
  artifactKey: Guid(af8d3cc1b7b704fc099b0210a0fa4a22) Importer(815301076,1909f56bfc062723c751e8b465ee728b)
Start importing Assets/Low Poly Christmas Pack Free/FBX/005 Candy_Stick.fbx using Guid(af8d3cc1b7b704fc099b0210a0fa4a22) Importer(815301076,1909f56bfc062723c751e8b465ee728b)  -> (artifact id: '56f3e1d62b65aaadae1a90161d66878d') in 0.055877 seconds 
  Import took 0.058236 seconds .

========================================================================
Received Import Request.
  Time since last request: 0.000187 seconds.
  path: Assets/Low Poly Christmas Pack Free/FBX/080 Caw.fbx
  artifactKey: Guid(c97a32230a1af4069855c49a53036f02) Importer(815301076,1909f56bfc062723c751e8b465ee728b)
Start importing Assets/Low Poly Christmas Pack Free/FBX/080 Caw.fbx using Guid(c97a32230a1af4069855c49a53036f02) Importer(815301076,1909f56bfc062723c751e8b465ee728b)  -> (artifact id: 'b5d0b1a945a628999e3a8cb73090ce31') in 0.070033 seconds 
  Import took 0.073094 seconds .

========================================================================
Received Import Request.
  Time since last request: 0.000183 seconds.
  path: Assets/Low Poly Christmas Pack Free/FBX/010 Christmas_Socks.fbx
  artifactKey: Guid(63404f5fa27cc49d4a4249ee39a3e3f4) Importer(815301076,1909f56bfc062723c751e8b465ee728b)
Start importing Assets/Low Poly Christmas Pack Free/FBX/010 Christmas_Socks.fbx using Guid(63404f5fa27cc49d4a4249ee39a3e3f4) Importer(815301076,1909f56bfc062723c751e8b465ee728b)  -> (artifact id: '3b6ec00b6255830c3022e83a213b1b4d') in 0.047926 seconds 
  Import took 0.050585 seconds .

========================================================================
Received Import Request.
  Time since last request: 0.000190 seconds.
  path: Assets/Low Poly Christmas Pack Free/FBX/051 Xmas_Tree.fbx
  artifactKey: Guid(1e9ad55d9e75147c29a57215d10fc773) Importer(815301076,1909f56bfc062723c751e8b465ee728b)
Start importing Assets/Low Poly Christmas Pack Free/FBX/051 Xmas_Tree.fbx using Guid(1e9ad55d9e75147c29a57215d10fc773) Importer(815301076,1909f56bfc062723c751e8b465ee728b)  -> (artifact id: '8f7d4ef78404113da27909c67f0e223d') in 0.131184 seconds 
  Import took 0.134372 seconds .

========================================================================
Received Import Request.
  Time since last request: 0.000198 seconds.
  path: Assets/Low Poly Christmas Pack Free/FBX/066 Xmas_Girl.fbx
  artifactKey: Guid(6ad8a122058534d75a111605d13ced17) Importer(815301076,1909f56bfc062723c751e8b465ee728b)
Start importing Assets/Low Poly Christmas Pack Free/FBX/066 Xmas_Girl.fbx using Guid(6ad8a122058534d75a111605d13ced17) Importer(815301076,1909f56bfc062723c751e8b465ee728b)  -> (artifact id: '207193fcfe4aed1c6854d6979bee8bff') in 0.078587 seconds 
  Import took 0.081073 seconds .

========================================================================
Received Import Request.
  Time since last request: 0.000192 seconds.
  path: Assets/Low Poly Christmas Pack Free/FBX/073 Xmas_Tree.fbx
  artifactKey: Guid(89cde64dc485c44a8a0e197a46a224d1) Importer(815301076,1909f56bfc062723c751e8b465ee728b)
Start importing Assets/Low Poly Christmas Pack Free/FBX/073 Xmas_Tree.fbx using Guid(89cde64dc485c44a8a0e197a46a224d1) Importer(815301076,1909f56bfc062723c751e8b465ee728b)  -> (artifact id: '5da2273991d88e860277b1f7c24313ee') in 0.087963 seconds 
  Import took 0.090525 seconds .

========================================================================
Received Import Request.
  Time since last request: 0.000183 seconds.
  path: Assets/Low Poly Christmas Pack Free/FBX/055 Xmas_Tree.fbx
  artifactKey: Guid(9eaeb063a723240c083efc0215e1ce54) Importer(815301076,1909f56bfc062723c751e8b465ee728b)
Start importing Assets/Low Poly Christmas Pack Free/FBX/055 Xmas_Tree.fbx using Guid(9eaeb063a723240c083efc0215e1ce54) Importer(815301076,1909f56bfc062723c751e8b465ee728b)  -> (artifact id: '93b63fd5f0b6b9ccb652b87505903610') in 0.046445 seconds 
  Import took 0.048919 seconds .

========================================================================
Received Import Request.
  Time since last request: 0.000189 seconds.
  path: Assets/Low Poly Christmas Pack Free/FBX/011 Gift_Box.fbx
  artifactKey: Guid(de083115bd03c4871b51d44540d1fad5) Importer(815301076,1909f56bfc062723c751e8b465ee728b)
Start importing Assets/Low Poly Christmas Pack Free/FBX/011 Gift_Box.fbx using Guid(de083115bd03c4871b51d44540d1fad5) Importer(815301076,1909f56bfc062723c751e8b465ee728b)  -> (artifact id: '98e1ef11adc9edc26285b0edef626cf5') in 0.064818 seconds 
  Import took 0.067240 seconds .

========================================================================
Received Import Request.
  Time since last request: 0.000190 seconds.
  path: Assets/Low Poly Christmas Pack Free/FBX/044 Xmas_Tree.fbx
  artifactKey: Guid(5e272de2ceb714f7a871eb7b868ac4b5) Importer(815301076,1909f56bfc062723c751e8b465ee728b)
Start importing Assets/Low Poly Christmas Pack Free/FBX/044 Xmas_Tree.fbx using Guid(5e272de2ceb714f7a871eb7b868ac4b5) Importer(815301076,1909f56bfc062723c751e8b465ee728b)  -> (artifact id: 'dae766875032780521e86f86e65f9a46') in 0.052783 seconds 
  Import took 0.055572 seconds .

========================================================================
Received Import Request.
  Time since last request: 0.000190 seconds.
  path: Assets/Low Poly Christmas Pack Free/FBX/038 Christmas_Socks.fbx
  artifactKey: Guid(482eb4f61c7d442949a33189c9b98b36) Importer(815301076,1909f56bfc062723c751e8b465ee728b)
Start importing Assets/Low Poly Christmas Pack Free/FBX/038 Christmas_Socks.fbx using Guid(482eb4f61c7d442949a33189c9b98b36) Importer(815301076,1909f56bfc062723c751e8b465ee728b)  -> (artifact id: '1a00321879d0bdf05528fd0fadca3ca3') in 0.047402 seconds 
  Import took 0.049767 seconds .

========================================================================
Received Import Request.
  Time since last request: 0.000191 seconds.
  path: Assets/Low Poly Christmas Pack Free/FBX/074 Gift_Boxes.fbx
  artifactKey: Guid(3512469e2cab1422898f5770049a9b91) Importer(815301076,1909f56bfc062723c751e8b465ee728b)
Start importing Assets/Low Poly Christmas Pack Free/FBX/074 Gift_Boxes.fbx using Guid(3512469e2cab1422898f5770049a9b91) Importer(815301076,1909f56bfc062723c751e8b465ee728b)  -> (artifact id: '5a42270a30f405642806309269098ceb') in 0.043635 seconds 
  Import took 0.046055 seconds .

========================================================================
Received Import Request.
  Time since last request: 0.000189 seconds.
  path: Assets/Low Poly Christmas Pack Free/FBX/081 Sheep.fbx
  artifactKey: Guid(f8001f9ef94be4eb1a4b2bab5c9441eb) Importer(815301076,1909f56bfc062723c751e8b465ee728b)
Start importing Assets/Low Poly Christmas Pack Free/FBX/081 Sheep.fbx using Guid(f8001f9ef94be4eb1a4b2bab5c9441eb) Importer(815301076,1909f56bfc062723c751e8b465ee728b)  -> (artifact id: '3ab82eca9f66ee9777f5855d77ff99c3') in 0.085673 seconds 
  Import took 0.088657 seconds .

========================================================================
Received Import Request.
  Time since last request: 0.000193 seconds.
  path: Assets/Low Poly Christmas Pack Free/FBX/076 Xmas_Boy.fbx
  artifactKey: Guid(8a5ada697ea584101905dc3a8ad04b37) Importer(815301076,1909f56bfc062723c751e8b465ee728b)
Start importing Assets/Low Poly Christmas Pack Free/FBX/076 Xmas_Boy.fbx using Guid(8a5ada697ea584101905dc3a8ad04b37) Importer(815301076,1909f56bfc062723c751e8b465ee728b)  -> (artifact id: 'da88b07f318c6d8578639ba9e97a490a') in 0.073421 seconds 
  Import took 0.075893 seconds .

========================================================================
Received Import Request.
  Time since last request: 0.000331 seconds.
  path: Assets/Low Poly Christmas Pack Free/FBX/034 Snow_man.fbx
  artifactKey: Guid(af7a64c1306414117905669e3806f58b) Importer(815301076,1909f56bfc062723c751e8b465ee728b)
Start importing Assets/Low Poly Christmas Pack Free/FBX/034 Snow_man.fbx using Guid(af7a64c1306414117905669e3806f58b) Importer(815301076,1909f56bfc062723c751e8b465ee728b)  -> (artifact id: 'e58f4dd6914a5d7d8d63bf51f6a49093') in 0.059433 seconds 
  Import took 0.062030 seconds .

========================================================================
Received Import Request.
  Time since last request: 0.000188 seconds.
  path: Assets/Low Poly Christmas Pack Free/FBX/091 Black_Hat.fbx
  artifactKey: Guid(ffa40e2604cdf451a86322bc02f5f2a7) Importer(815301076,1909f56bfc062723c751e8b465ee728b)
Start importing Assets/Low Poly Christmas Pack Free/FBX/091 Black_Hat.fbx using Guid(ffa40e2604cdf451a86322bc02f5f2a7) Importer(815301076,1909f56bfc062723c751e8b465ee728b)  -> (artifact id: '61921f52cf19f1caf91dacc2088bc601') in 0.052369 seconds 
  Import took 0.055087 seconds .

========================================================================
Received Import Request.
  Time since last request: 0.000187 seconds.
  path: Assets/Low Poly Christmas Pack Free/FBX/024 Shoes.fbx
  artifactKey: Guid(7d20319bcdd2e436198d8f31615f72c8) Importer(815301076,1909f56bfc062723c751e8b465ee728b)
Start importing Assets/Low Poly Christmas Pack Free/FBX/024 Shoes.fbx using Guid(7d20319bcdd2e436198d8f31615f72c8) Importer(815301076,1909f56bfc062723c751e8b465ee728b)  -> (artifact id: 'e94029764337a0cdb32b10a0d2bfa125') in 0.071896 seconds 
  Import took 0.074806 seconds .

========================================================================
Received Import Request.
  Time since last request: 0.000191 seconds.
  path: Assets/Low Poly Christmas Pack Free/FBX/085 Duck.fbx
  artifactKey: Guid(a03fac245f81b44138334cdde17c5b5b) Importer(815301076,1909f56bfc062723c751e8b465ee728b)
Start importing Assets/Low Poly Christmas Pack Free/FBX/085 Duck.fbx using Guid(a03fac245f81b44138334cdde17c5b5b) Importer(815301076,1909f56bfc062723c751e8b465ee728b)  -> (artifact id: '188a2113e2e63a0ea5f275fe9ac0efb8') in 0.058809 seconds 
  Import took 0.061335 seconds .

========================================================================
Received Import Request.
  Time since last request: 0.000193 seconds.
  path: Assets/Low Poly Christmas Pack Free/FBX/050 Xmas_Tree.fbx
  artifactKey: Guid(99119c8e3b5a94633a02dc3f0605999e) Importer(815301076,1909f56bfc062723c751e8b465ee728b)
Start importing Assets/Low Poly Christmas Pack Free/FBX/050 Xmas_Tree.fbx using Guid(99119c8e3b5a94633a02dc3f0605999e) Importer(815301076,1909f56bfc062723c751e8b465ee728b)  -> (artifact id: 'e3603a1c51a561a89c00cd27bd2227db') in 0.088698 seconds 
  Import took 0.091169 seconds .

========================================================================
Received Import Request.
  Time since last request: 0.000207 seconds.
  path: Assets/Low Poly Christmas Pack Free/FBX/006 Santa_Claus_Hat.fbx
  artifactKey: Guid(a6618e369c96a4bfeb3e1ca6614a0d4e) Importer(815301076,1909f56bfc062723c751e8b465ee728b)
Start importing Assets/Low Poly Christmas Pack Free/FBX/006 Santa_Claus_Hat.fbx using Guid(a6618e369c96a4bfeb3e1ca6614a0d4e) Importer(815301076,1909f56bfc062723c751e8b465ee728b)  -> (artifact id: 'cceb6c74b7e0f7fa485dad26790ce60e') in 0.050995 seconds 
  Import took 0.053470 seconds .

========================================================================
Received Import Request.
  Time since last request: 0.000195 seconds.
  path: Assets/Low Poly Christmas Pack Free/FBX/067 Santa_claus.fbx
  artifactKey: Guid(1c67e1360a1a343548688ae8bd27a80a) Importer(815301076,1909f56bfc062723c751e8b465ee728b)
Start importing Assets/Low Poly Christmas Pack Free/FBX/067 Santa_claus.fbx using Guid(1c67e1360a1a343548688ae8bd27a80a) Importer(815301076,1909f56bfc062723c751e8b465ee728b)  -> (artifact id: '3a23fba01e8703530c2b50023633268a') in 0.091090 seconds 
  Import took 0.093600 seconds .

========================================================================
Received Import Request.
  Time since last request: 0.000204 seconds.
  path: Assets/Low Poly Christmas Pack Free/FBX/046 Xmas_Tree.fbx
  artifactKey: Guid(0e7ccc03632a34fe3ae5f7088dc85ea0) Importer(815301076,1909f56bfc062723c751e8b465ee728b)
Start importing Assets/Low Poly Christmas Pack Free/FBX/046 Xmas_Tree.fbx using Guid(0e7ccc03632a34fe3ae5f7088dc85ea0) Importer(815301076,1909f56bfc062723c751e8b465ee728b)  -> (artifact id: '3bfd720e51386cb71ee3a806313c79c2') in 0.169251 seconds 
  Import took 0.172062 seconds .

========================================================================
Received Import Request.
  Time since last request: 0.000206 seconds.
  path: Assets/Low Poly Christmas Pack Free/FBX/018 Buggy.fbx
  artifactKey: Guid(412caa4ac07e342858a3b7d5ef06de8d) Importer(815301076,1909f56bfc062723c751e8b465ee728b)
Start importing Assets/Low Poly Christmas Pack Free/FBX/018 Buggy.fbx using Guid(412caa4ac07e342858a3b7d5ef06de8d) Importer(815301076,1909f56bfc062723c751e8b465ee728b)  -> (artifact id: 'ad79b9f36459910d37fc79d7d455cbfa') in 0.123180 seconds 
  Import took 0.125581 seconds .

========================================================================
Received Import Request.
  Time since last request: 0.000869 seconds.
  path: Assets/Low Poly Christmas Pack Free/FBX/015 Garland.fbx
  artifactKey: Guid(5b1b57193f6544575b41c39c29d3d0c5) Importer(815301076,1909f56bfc062723c751e8b465ee728b)
Start importing Assets/Low Poly Christmas Pack Free/FBX/015 Garland.fbx using Guid(5b1b57193f6544575b41c39c29d3d0c5) Importer(815301076,1909f56bfc062723c751e8b465ee728b)  -> (artifact id: '2dd14e8f5ebad9d59fa216600ab11858') in 0.099721 seconds 
  Import took 0.105417 seconds .

========================================================================
Received Import Request.
  Time since last request: 0.000195 seconds.
  path: Assets/Low Poly Christmas Pack Free/FBX/041 Xmas_Bell.fbx
  artifactKey: Guid(abce592dfdafc4e4aa552eea00807000) Importer(815301076,1909f56bfc062723c751e8b465ee728b)
Start importing Assets/Low Poly Christmas Pack Free/FBX/041 Xmas_Bell.fbx using Guid(abce592dfdafc4e4aa552eea00807000) Importer(815301076,1909f56bfc062723c751e8b465ee728b)  -> (artifact id: 'c7059815be22d038278945b09254b380') in 0.036447 seconds 
  Import took 0.038847 seconds .

========================================================================
Received Import Request.
  Time since last request: 0.000195 seconds.
  path: Assets/Low Poly Christmas Pack Free/FBX/009 Santa_gift_bag.fbx
  artifactKey: Guid(3e031175667bb4d20991d949e62ea836) Importer(815301076,1909f56bfc062723c751e8b465ee728b)
Start importing Assets/Low Poly Christmas Pack Free/FBX/009 Santa_gift_bag.fbx using Guid(3e031175667bb4d20991d949e62ea836) Importer(815301076,1909f56bfc062723c751e8b465ee728b)  -> (artifact id: '2b63fbba7e84554101811383ca6f8b1c') in 0.046796 seconds 
  Import took 0.049289 seconds .

========================================================================
Received Import Request.
  Time since last request: 0.000188 seconds.
  path: Assets/Low Poly Christmas Pack Free/FBX/060 Star.fbx
  artifactKey: Guid(f05bb77e095eb424fae6c9c1d1398e7f) Importer(815301076,1909f56bfc062723c751e8b465ee728b)
Start importing Assets/Low Poly Christmas Pack Free/FBX/060 Star.fbx using Guid(f05bb77e095eb424fae6c9c1d1398e7f) Importer(815301076,1909f56bfc062723c751e8b465ee728b)  -> (artifact id: '42c5f1c60742a55aa24600f62cf1107f') in 0.039479 seconds 
  Import took 0.041819 seconds .

========================================================================
Received Import Request.
  Time since last request: 0.000219 seconds.
  path: Assets/Low Poly Christmas Pack Free/FBX/004 Gift_Box.fbx
  artifactKey: Guid(d8613adc92a674fc599435e771ea661d) Importer(815301076,1909f56bfc062723c751e8b465ee728b)
Start importing Assets/Low Poly Christmas Pack Free/FBX/004 Gift_Box.fbx using Guid(d8613adc92a674fc599435e771ea661d) Importer(815301076,1909f56bfc062723c751e8b465ee728b)  -> (artifact id: 'd896e49879707abf669c955254c202c6') in 0.050221 seconds 
  Import took 0.053131 seconds .

========================================================================
Received Import Request.
  Time since last request: 0.000181 seconds.
  path: Assets/Low Poly Christmas Pack Free/FBX/012 009 Santa_gift_bag.fbx
  artifactKey: Guid(b23a40c835c2341f58357c91c7cc4ff8) Importer(815301076,1909f56bfc062723c751e8b465ee728b)
Start importing Assets/Low Poly Christmas Pack Free/FBX/012 009 Santa_gift_bag.fbx using Guid(b23a40c835c2341f58357c91c7cc4ff8) Importer(815301076,1909f56bfc062723c751e8b465ee728b)  -> (artifact id: 'dc38a1e093769d6325c5d07afdeeae9d') in 0.051202 seconds 
  Import took 0.053581 seconds .

========================================================================
Received Import Request.
  Time since last request: 0.000186 seconds.
  path: Assets/Low Poly Christmas Pack Free/FBX/082 Chicken.fbx
  artifactKey: Guid(2d177b6aa459d43e4a392d2881d9ce12) Importer(815301076,1909f56bfc062723c751e8b465ee728b)
Start importing Assets/Low Poly Christmas Pack Free/FBX/082 Chicken.fbx using Guid(2d177b6aa459d43e4a392d2881d9ce12) Importer(815301076,1909f56bfc062723c751e8b465ee728b)  -> (artifact id: '4b95faa2b3a33de27749494032311b93') in 0.067730 seconds 
  Import took 0.070213 seconds .

========================================================================
Received Import Request.
  Time since last request: 0.000229 seconds.
  path: Assets/Low Poly Christmas Pack Free/FBX/077 Xmas_Girl.fbx
  artifactKey: Guid(4c8eaf995f7374aa9beb092b8d79008c) Importer(815301076,1909f56bfc062723c751e8b465ee728b)
Start importing Assets/Low Poly Christmas Pack Free/FBX/077 Xmas_Girl.fbx using Guid(4c8eaf995f7374aa9beb092b8d79008c) Importer(815301076,1909f56bfc062723c751e8b465ee728b)  -> (artifact id: '87a3ff096a5ca1cff229325032d620db') in 0.081122 seconds 
  Import took 0.084044 seconds .

========================================================================
Received Import Request.
  Time since last request: 0.000197 seconds.
  path: Assets/Low Poly Christmas Pack Free/FBX/071 Buggy.fbx
  artifactKey: Guid(f01f02f99a64d42feaad7b66f6dcc142) Importer(815301076,1909f56bfc062723c751e8b465ee728b)
Start importing Assets/Low Poly Christmas Pack Free/FBX/071 Buggy.fbx using Guid(f01f02f99a64d42feaad7b66f6dcc142) Importer(815301076,1909f56bfc062723c751e8b465ee728b)  -> (artifact id: '0c1861eedac31f91159d9e84a2c96107') in 0.058722 seconds 
  Import took 0.061270 seconds .

========================================================================
Received Import Request.
  Time since last request: 0.000228 seconds.
  path: Assets/Low Poly Christmas Pack Free/FBX/032 Cake.fbx
  artifactKey: Guid(7e392ccc39de7407e9b24d65f28a9e1d) Importer(815301076,1909f56bfc062723c751e8b465ee728b)
Start importing Assets/Low Poly Christmas Pack Free/FBX/032 Cake.fbx using Guid(7e392ccc39de7407e9b24d65f28a9e1d) Importer(815301076,1909f56bfc062723c751e8b465ee728b)  -> (artifact id: '61edd7a8c4f0d9ae5bde933a7856a475') in 0.059528 seconds 
  Import took 0.062076 seconds .

========================================================================
Received Import Request.
  Time since last request: 0.000198 seconds.
  path: Assets/Low Poly Christmas Pack Free/FBX/049 Xmas_Tree.fbx
  artifactKey: Guid(a1ee1886880eb44c2953fdb41d502c2b) Importer(815301076,1909f56bfc062723c751e8b465ee728b)
Start importing Assets/Low Poly Christmas Pack Free/FBX/049 Xmas_Tree.fbx using Guid(a1ee1886880eb44c2953fdb41d502c2b) Importer(815301076,1909f56bfc062723c751e8b465ee728b)  -> (artifact id: '5304c78ecac4c9eb0781cfa2e29c9081') in 0.075916 seconds 
  Import took 0.078446 seconds .

========================================================================
Received Import Request.
  Time since last request: 0.000239 seconds.
  path: Assets/Low Poly Christmas Pack Free/FBX/058 Star.fbx
  artifactKey: Guid(729af9def7f014a7783facee20c7fbbf) Importer(815301076,1909f56bfc062723c751e8b465ee728b)
Start importing Assets/Low Poly Christmas Pack Free/FBX/058 Star.fbx using Guid(729af9def7f014a7783facee20c7fbbf) Importer(815301076,1909f56bfc062723c751e8b465ee728b)  -> (artifact id: '1fd65423a03536067ca102d2ac922ffc') in 0.042370 seconds 
  Import took 0.046183 seconds .

========================================================================
Received Import Request.
  Time since last request: 0.000200 seconds.
  path: Assets/Low Poly Christmas Pack Free/FBX/062 Rabbit.fbx
  artifactKey: Guid(19a3440c4b36c4cb58b874514c77e0c4) Importer(815301076,1909f56bfc062723c751e8b465ee728b)
Start importing Assets/Low Poly Christmas Pack Free/FBX/062 Rabbit.fbx using Guid(19a3440c4b36c4cb58b874514c77e0c4) Importer(815301076,1909f56bfc062723c751e8b465ee728b)  -> (artifact id: '1f053257a6c65d1d6b155dcac7683adf') in 0.099369 seconds 
  Import took 0.103015 seconds .

========================================================================
Received Import Request.
  Time since last request: 0.000234 seconds.
  path: Assets/Low Poly Christmas Pack Free/FBX/072 Buggy.fbx
  artifactKey: Guid(dc04591551e02489493b434f846e1bf9) Importer(815301076,1909f56bfc062723c751e8b465ee728b)
Start importing Assets/Low Poly Christmas Pack Free/FBX/072 Buggy.fbx using Guid(dc04591551e02489493b434f846e1bf9) Importer(815301076,1909f56bfc062723c751e8b465ee728b)  -> (artifact id: 'b051a65fbbed83450cc27045276e60ff') in 0.077073 seconds 
  Import took 0.079801 seconds .

========================================================================
Received Import Request.
  Time since last request: 0.000258 seconds.
  path: Assets/Low Poly Christmas Pack Free/FBX/053 Xmas_Tree.fbx
  artifactKey: Guid(c73c90d36a0e3464eb8c28e578545f2d) Importer(815301076,1909f56bfc062723c751e8b465ee728b)
Start importing Assets/Low Poly Christmas Pack Free/FBX/053 Xmas_Tree.fbx using Guid(c73c90d36a0e3464eb8c28e578545f2d) Importer(815301076,1909f56bfc062723c751e8b465ee728b)  -> (artifact id: '58d1e7b121d5dce698a56042d3c176f1') in 0.041236 seconds 
  Import took 0.043646 seconds .

========================================================================
Received Import Request.
  Time since last request: 0.000300 seconds.
  path: Assets/Low Poly Christmas Pack Free/FBX/075 Deer.fbx
  artifactKey: Guid(8ff3edd3a068843fbb8fb59d6380de91) Importer(815301076,1909f56bfc062723c751e8b465ee728b)
Start importing Assets/Low Poly Christmas Pack Free/FBX/075 Deer.fbx using Guid(8ff3edd3a068843fbb8fb59d6380de91) Importer(815301076,1909f56bfc062723c751e8b465ee728b)  -> (artifact id: '4099ea154447d8b67b70b5ff5ce0f4ac') in 0.070194 seconds 
  Import took 0.072800 seconds .

========================================================================
Received Import Request.
  Time since last request: 0.000190 seconds.
  path: Assets/Low Poly Christmas Pack Free/FBX/031 Xmas_Crackers.fbx
  artifactKey: Guid(acb83af9195d7416faf206710fdc327e) Importer(815301076,1909f56bfc062723c751e8b465ee728b)
Start importing Assets/Low Poly Christmas Pack Free/FBX/031 Xmas_Crackers.fbx using Guid(acb83af9195d7416faf206710fdc327e) Importer(815301076,1909f56bfc062723c751e8b465ee728b)  -> (artifact id: 'd9255006ec01108d01a0fbceb8671233') in 0.057260 seconds 
  Import took 0.059793 seconds .

========================================================================
Received Import Request.
  Time since last request: 0.000190 seconds.
  path: Assets/Low Poly Christmas Pack Free/FBX/090 Owl.fbx
  artifactKey: Guid(38234c74b1d06423c9ccb45c965c7a83) Importer(815301076,1909f56bfc062723c751e8b465ee728b)
Start importing Assets/Low Poly Christmas Pack Free/FBX/090 Owl.fbx using Guid(38234c74b1d06423c9ccb45c965c7a83) Importer(815301076,1909f56bfc062723c751e8b465ee728b)  -> (artifact id: 'f69e59b06c98fe4fb34978a387599358') in 0.060905 seconds 
  Import took 0.063691 seconds .

========================================================================
Received Import Request.
  Time since last request: 0.000189 seconds.
  path: Assets/Low Poly Christmas Pack Free/FBX/086 Duck.fbx
  artifactKey: Guid(26573241e182047ab98e76a176ca3ee4) Importer(815301076,1909f56bfc062723c751e8b465ee728b)
Start importing Assets/Low Poly Christmas Pack Free/FBX/086 Duck.fbx using Guid(26573241e182047ab98e76a176ca3ee4) Importer(815301076,1909f56bfc062723c751e8b465ee728b)  -> (artifact id: '837603214359ae5a2a7f4a20e6e2c12c') in 0.059418 seconds 
  Import took 0.062984 seconds .

========================================================================
Received Import Request.
  Time since last request: 0.000196 seconds.
  path: Assets/Low Poly Christmas Pack Free/FBX/056 Star.fbx
  artifactKey: Guid(62e2321d72e4a4768bc35f574b3a9396) Importer(815301076,1909f56bfc062723c751e8b465ee728b)
Start importing Assets/Low Poly Christmas Pack Free/FBX/056 Star.fbx using Guid(62e2321d72e4a4768bc35f574b3a9396) Importer(815301076,1909f56bfc062723c751e8b465ee728b)  -> (artifact id: '1960c2e9ca96214e7c68ca47597a36f0') in 0.038275 seconds 
  Import took 0.040646 seconds .

========================================================================
Received Import Request.
  Time since last request: 0.000192 seconds.
  path: Assets/Low Poly Christmas Pack Free/FBX/033 Xmas_candy_bag.fbx
  artifactKey: Guid(aa4d77d0b5dbf4040b8497b884099cfa) Importer(815301076,1909f56bfc062723c751e8b465ee728b)
Start importing Assets/Low Poly Christmas Pack Free/FBX/033 Xmas_candy_bag.fbx using Guid(aa4d77d0b5dbf4040b8497b884099cfa) Importer(815301076,1909f56bfc062723c751e8b465ee728b)  -> (artifact id: '4c883b1fae69a2715f61b74e77e6146e') in 0.049250 seconds 
  Import took 0.051971 seconds .

========================================================================
Received Import Request.
  Time since last request: 0.000304 seconds.
  path: Assets/Low Poly Christmas Pack Free/FBX/008 Reindeer.fbx
  artifactKey: Guid(92920120a441b4ca08b616a192292ce6) Importer(815301076,1909f56bfc062723c751e8b465ee728b)
Start importing Assets/Low Poly Christmas Pack Free/FBX/008 Reindeer.fbx using Guid(92920120a441b4ca08b616a192292ce6) Importer(815301076,1909f56bfc062723c751e8b465ee728b)  -> (artifact id: '4f1c375c29f7ee31c00e4e58f14bd1f5') in 0.115296 seconds 
  Import took 0.118500 seconds .

========================================================================
Received Import Request.
  Time since last request: 0.000200 seconds.
  path: Assets/Low Poly Christmas Pack Free/FBX/027 Xmas_bell.fbx
  artifactKey: Guid(3b9e950227c784a3a8c3b9a25f2fd19a) Importer(815301076,1909f56bfc062723c751e8b465ee728b)
Start importing Assets/Low Poly Christmas Pack Free/FBX/027 Xmas_bell.fbx using Guid(3b9e950227c784a3a8c3b9a25f2fd19a) Importer(815301076,1909f56bfc062723c751e8b465ee728b)  -> (artifact id: '7197b1edbdcbf9901922332c6d67a43e') in 0.051711 seconds 
  Import took 0.054277 seconds .

========================================================================
Received Import Request.
  Time since last request: 0.000187 seconds.
  path: Assets/Low Poly Christmas Pack Free/FBX/052 Xmas_Tree.fbx
  artifactKey: Guid(e54a35c01d6054b699baff324ef17c9e) Importer(815301076,1909f56bfc062723c751e8b465ee728b)
Start importing Assets/Low Poly Christmas Pack Free/FBX/052 Xmas_Tree.fbx using Guid(e54a35c01d6054b699baff324ef17c9e) Importer(815301076,1909f56bfc062723c751e8b465ee728b)  -> (artifact id: 'c38b415f2194630e84260ef52f7fb4d6') in 0.043555 seconds 
  Import took 0.045945 seconds .

========================================================================
Received Import Request.
  Time since last request: 0.000212 seconds.
  path: Assets/Low Poly Christmas Pack Free/FBX/047 Xmas_Tree.fbx
  artifactKey: Guid(ca38ea13634474659a08f213adb81ec9) Importer(815301076,1909f56bfc062723c751e8b465ee728b)
Start importing Assets/Low Poly Christmas Pack Free/FBX/047 Xmas_Tree.fbx using Guid(ca38ea13634474659a08f213adb81ec9) Importer(815301076,1909f56bfc062723c751e8b465ee728b)  -> (artifact id: 'beca027c660bfafddfca74332b8750eb') in 0.069519 seconds 
  Import took 0.072185 seconds .

========================================================================
Received Import Request.
  Time since last request: 0.000192 seconds.
  path: Assets/Low Poly Christmas Pack Free/FBX/078 House.fbx
  artifactKey: Guid(6fac37428c6a149098583080d757e0a2) Importer(815301076,1909f56bfc062723c751e8b465ee728b)
Start importing Assets/Low Poly Christmas Pack Free/FBX/078 House.fbx using Guid(6fac37428c6a149098583080d757e0a2) Importer(815301076,1909f56bfc062723c751e8b465ee728b)  -> (artifact id: '8360276224ce9495cf30e609b39f7a66') in 0.049181 seconds 
  Import took 0.051682 seconds .

========================================================================
Received Import Request.
  Time since last request: 0.000527 seconds.
  path: Assets/Low Poly Christmas Pack Free/FBX/059 Star.fbx
  artifactKey: Guid(287fa93c45a32499ab55bc48303eeeb3) Importer(815301076,1909f56bfc062723c751e8b465ee728b)
Start importing Assets/Low Poly Christmas Pack Free/FBX/059 Star.fbx using Guid(287fa93c45a32499ab55bc48303eeeb3) Importer(815301076,1909f56bfc062723c751e8b465ee728b)  -> (artifact id: 'b386fbe9ec7e84babf3c505ae629489d') in 0.041562 seconds 
  Import took 0.044135 seconds .

========================================================================
Received Import Request.
  Time since last request: 0.000188 seconds.
  path: Assets/Low Poly Christmas Pack Free/FBX/088 Penguin.fbx
  artifactKey: Guid(93fa5b8b9b1a64bd79ad80a93207239a) Importer(815301076,1909f56bfc062723c751e8b465ee728b)
Start importing Assets/Low Poly Christmas Pack Free/FBX/088 Penguin.fbx using Guid(93fa5b8b9b1a64bd79ad80a93207239a) Importer(815301076,1909f56bfc062723c751e8b465ee728b)  -> (artifact id: 'bca537f70e889a76241dd8d37832c3c7') in 0.068936 seconds 
  Import took 0.071793 seconds .

========================================================================
Received Import Request.
  Time since last request: 0.000259 seconds.
  path: Assets/Low Poly Christmas Pack Free/FBX/003 Candle.fbx
  artifactKey: Guid(5b4da7e07210a4ca0bbcf2cd74248616) Importer(815301076,1909f56bfc062723c751e8b465ee728b)
Start importing Assets/Low Poly Christmas Pack Free/FBX/003 Candle.fbx using Guid(5b4da7e07210a4ca0bbcf2cd74248616) Importer(815301076,1909f56bfc062723c751e8b465ee728b)  -> (artifact id: '261c686e20d421f6ed9aac343e75197d') in 0.076717 seconds 
  Import took 0.079259 seconds .

========================================================================
Received Import Request.
  Time since last request: 0.000211 seconds.
  path: Assets/Low Poly Christmas Pack Free/FBX/007 Santa_Claus_Hat.fbx
  artifactKey: Guid(9a8a0504e95704f838d26787e97848f7) Importer(815301076,1909f56bfc062723c751e8b465ee728b)
Start importing Assets/Low Poly Christmas Pack Free/FBX/007 Santa_Claus_Hat.fbx using Guid(9a8a0504e95704f838d26787e97848f7) Importer(815301076,1909f56bfc062723c751e8b465ee728b)  -> (artifact id: 'cb1955e8d19c1db474a26bdefa9a7233') in 0.050352 seconds 
  Import took 0.053542 seconds .

========================================================================
Received Import Request.
  Time since last request: 0.000220 seconds.
  path: Assets/Low Poly Christmas Pack Free/FBX/039 Christmas_Socks.fbx
  artifactKey: Guid(77bab10c4bc394ec1b40e41c0b304032) Importer(815301076,1909f56bfc062723c751e8b465ee728b)
Start importing Assets/Low Poly Christmas Pack Free/FBX/039 Christmas_Socks.fbx using Guid(77bab10c4bc394ec1b40e41c0b304032) Importer(815301076,1909f56bfc062723c751e8b465ee728b)  -> (artifact id: '0e8e5944588265d6baa133d9acfb0110') in 0.045348 seconds 
  Import took 0.047767 seconds .

========================================================================
Received Import Request.
  Time since last request: 0.000192 seconds.
  path: Assets/Low Poly Christmas Pack Free/FBX/070 Buggy.fbx
  artifactKey: Guid(da60f1e1bae284f5a95df1ab7cbbcdac) Importer(815301076,1909f56bfc062723c751e8b465ee728b)
Start importing Assets/Low Poly Christmas Pack Free/FBX/070 Buggy.fbx using Guid(da60f1e1bae284f5a95df1ab7cbbcdac) Importer(815301076,1909f56bfc062723c751e8b465ee728b)  -> (artifact id: '467cbeed411d5bb1cfbdbc845f1861d4') in 0.060733 seconds 
  Import took 0.063184 seconds .

========================================================================
Received Import Request.
  Time since last request: 0.000197 seconds.
  path: Assets/Low Poly Christmas Pack Free/FBX/020 Tea_Cup.fbx
  artifactKey: Guid(63e97d79bb5a74ae19da115f0666b60a) Importer(815301076,1909f56bfc062723c751e8b465ee728b)
Start importing Assets/Low Poly Christmas Pack Free/FBX/020 Tea_Cup.fbx using Guid(63e97d79bb5a74ae19da115f0666b60a) Importer(815301076,1909f56bfc062723c751e8b465ee728b)  -> (artifact id: 'a1ce653107dd8de4390bd4a5c130a964') in 0.043366 seconds 
  Import took 0.045748 seconds .

========================================================================
Received Import Request.
  Time since last request: 0.000247 seconds.
  path: Assets/Low Poly Christmas Pack Free/FBX/040 Xmas_Bell.fbx
  artifactKey: Guid(f5147060c1d1549eaa0c8c9c919f29d1) Importer(815301076,1909f56bfc062723c751e8b465ee728b)
Start importing Assets/Low Poly Christmas Pack Free/FBX/040 Xmas_Bell.fbx using Guid(f5147060c1d1549eaa0c8c9c919f29d1) Importer(815301076,1909f56bfc062723c751e8b465ee728b)  -> (artifact id: 'f6774f569268c3507ad4e10d3e0dba6c') in 0.045851 seconds 
  Import took 0.049088 seconds .

========================================================================
Received Import Request.
  Time since last request: 0.000196 seconds.
  path: Assets/Low Poly Christmas Pack Free/FBX/057 Star.fbx
  artifactKey: Guid(5d5be753d4cb143959581ebf9dab36cc) Importer(815301076,1909f56bfc062723c751e8b465ee728b)
Start importing Assets/Low Poly Christmas Pack Free/FBX/057 Star.fbx using Guid(5d5be753d4cb143959581ebf9dab36cc) Importer(815301076,1909f56bfc062723c751e8b465ee728b)  -> (artifact id: 'dc2b00ba64bb79f77ff09678cf11d677') in 0.036084 seconds 
  Import took 0.038473 seconds .

========================================================================
Received Import Request.
  Time since last request: 0.000191 seconds.
  path: Assets/Low Poly Christmas Pack Free/FBX/063 Xmas_Girl.fbx
  artifactKey: Guid(41ae0862367f643c5a9b9b4d6f15897a) Importer(815301076,1909f56bfc062723c751e8b465ee728b)
Start importing Assets/Low Poly Christmas Pack Free/FBX/063 Xmas_Girl.fbx using Guid(41ae0862367f643c5a9b9b4d6f15897a) Importer(815301076,1909f56bfc062723c751e8b465ee728b)  -> (artifact id: '71133844f3224ee917b9b01cd8a63c3c') in 0.081353 seconds 
  Import took 0.083955 seconds .

========================================================================
Received Import Request.
  Time since last request: 0.000189 seconds.
  path: Assets/Low Poly Christmas Pack Free/FBX/030 Xmas_Crackers.fbx
  artifactKey: Guid(093ef0d0d4c8f402dad5c5051425cbfc) Importer(815301076,1909f56bfc062723c751e8b465ee728b)
Start importing Assets/Low Poly Christmas Pack Free/FBX/030 Xmas_Crackers.fbx using Guid(093ef0d0d4c8f402dad5c5051425cbfc) Importer(815301076,1909f56bfc062723c751e8b465ee728b)  -> (artifact id: '976f74f88f78dedcaa4e2e792653333a') in 0.051114 seconds 
  Import took 0.053505 seconds .

========================================================================
Received Import Request.
  Time since last request: 0.000185 seconds.
  path: Assets/Low Poly Christmas Pack Free/FBX/023 Socks.fbx
  artifactKey: Guid(d73a42e44e97b4e51b2c7810a811f2a3) Importer(815301076,1909f56bfc062723c751e8b465ee728b)
Start importing Assets/Low Poly Christmas Pack Free/FBX/023 Socks.fbx using Guid(d73a42e44e97b4e51b2c7810a811f2a3) Importer(815301076,1909f56bfc062723c751e8b465ee728b)  -> (artifact id: 'b13e0678043ac7c1a83c338601ea78a6') in 0.050471 seconds 
  Import took 0.052839 seconds .

========================================================================
Received Import Request.
  Time since last request: 0.000203 seconds.
  path: Assets/Low Poly Christmas Pack Free/FBX/048 Xmas_Tree.fbx
  artifactKey: Guid(da5503bff566d4cd89d96aaaf8f96392) Importer(815301076,1909f56bfc062723c751e8b465ee728b)
Start importing Assets/Low Poly Christmas Pack Free/FBX/048 Xmas_Tree.fbx using Guid(da5503bff566d4cd89d96aaaf8f96392) Importer(815301076,1909f56bfc062723c751e8b465ee728b)  -> (artifact id: 'dd24cdf25e96f2c22155d8ebc5dfbe7b') in 0.040967 seconds 
  Import took 0.044934 seconds .

========================================================================
Received Import Request.
  Time since last request: 0.000183 seconds.
  path: Assets/Low Poly Christmas Pack Free/FBX/022 Chicken.fbx
  artifactKey: Guid(6a9255af3ca374d6c89c0b3b19fc9504) Importer(815301076,1909f56bfc062723c751e8b465ee728b)
Start importing Assets/Low Poly Christmas Pack Free/FBX/022 Chicken.fbx using Guid(6a9255af3ca374d6c89c0b3b19fc9504) Importer(815301076,1909f56bfc062723c751e8b465ee728b)  -> (artifact id: '4610b2004cd9b227ab297f0046dd5726') in 0.088791 seconds 
  Import took 0.091725 seconds .

========================================================================
Received Import Request.
  Time since last request: 0.000194 seconds.
  path: Assets/Low Poly Christmas Pack Free/FBX/035 Xmas_toy.fbx
  artifactKey: Guid(c6d100024b23c47af86245c9c87482e9) Importer(815301076,1909f56bfc062723c751e8b465ee728b)
Start importing Assets/Low Poly Christmas Pack Free/FBX/035 Xmas_toy.fbx using Guid(c6d100024b23c47af86245c9c87482e9) Importer(815301076,1909f56bfc062723c751e8b465ee728b)  -> (artifact id: '9c6fe1aaeb23ba69f630be34fb89422c') in 0.066452 seconds 
  Import took 0.069034 seconds .

========================================================================
Received Import Request.
  Time since last request: 0.000191 seconds.
  path: Assets/Low Poly Christmas Pack Free/FBX/061 Santa_claus.fbx
  artifactKey: Guid(fd34dbe4841ef4278a00f6a18d9dfb15) Importer(815301076,1909f56bfc062723c751e8b465ee728b)
Start importing Assets/Low Poly Christmas Pack Free/FBX/061 Santa_claus.fbx using Guid(fd34dbe4841ef4278a00f6a18d9dfb15) Importer(815301076,1909f56bfc062723c751e8b465ee728b)  -> (artifact id: 'ee441ce13ccee05bfb1cf4e448d25014') in 0.083588 seconds 
  Import took 0.086088 seconds .

========================================================================
Received Import Request.
  Time since last request: 0.000278 seconds.
  path: Assets/Low Poly Christmas Pack Free/FBX/087 Dog.fbx
  artifactKey: Guid(f60bcc5005b444f9483eee847006a80a) Importer(815301076,1909f56bfc062723c751e8b465ee728b)
Start importing Assets/Low Poly Christmas Pack Free/FBX/087 Dog.fbx using Guid(f60bcc5005b444f9483eee847006a80a) Importer(815301076,1909f56bfc062723c751e8b465ee728b)  -> (artifact id: '2756a81acd51923952396caf3490f5b2') in 0.060011 seconds 
  Import took 0.062485 seconds .

========================================================================
Received Import Request.
  Time since last request: 0.000191 seconds.
  path: Assets/Low Poly Christmas Pack Free
  artifactKey: Guid(4241c23f348230043a05180d237dd989) Importer(815301076,1909f56bfc062723c751e8b465ee728b)
Start importing Assets/Low Poly Christmas Pack Free using Guid(4241c23f348230043a05180d237dd989) Importer(815301076,1909f56bfc062723c751e8b465ee728b)  -> (artifact id: '237e5b0f954c370418dad776080b46f7') in 0.013709 seconds 
  Import took 0.016778 seconds .

========================================================================
Received Import Request.
  Time since last request: 0.000054 seconds.
  path: Assets/Low Poly Christmas Pack Free/FBX/068 Santa_claus.fbx
  artifactKey: Guid(5e40a3e8e988e4d4886e8f5aa56e4be7) Importer(815301076,1909f56bfc062723c751e8b465ee728b)
Start importing Assets/Low Poly Christmas Pack Free/FBX/068 Santa_claus.fbx using Guid(5e40a3e8e988e4d4886e8f5aa56e4be7) Importer(815301076,1909f56bfc062723c751e8b465ee728b)  -> (artifact id: 'fd209531129aa872754d831a70382f12') in 0.088516 seconds 
  Import took 0.093074 seconds .

========================================================================
Received Import Request.
  Time since last request: 8.526974 seconds.
  path: Assets/Environment
  artifactKey: Guid(1d99fcf227ed248408fae296071b2796) Importer(815301076,1909f56bfc062723c751e8b465ee728b)
Start importing Assets/Environment using Guid(1d99fcf227ed248408fae296071b2796) Importer(815301076,1909f56bfc062723c751e8b465ee728b)  -> (artifact id: 'bc238b734c07cbdbda161a33a3522e14') in 0.016280 seconds 
  Import took 0.018950 seconds .

========================================================================
Received Import Request.
  Time since last request: 8.553702 seconds.
  path: Assets
  artifactKey: Guid(00000000000000001000000000000000) Importer(815301076,1909f56bfc062723c751e8b465ee728b)
Start importing Assets using Guid(00000000000000001000000000000000) Importer(815301076,1909f56bfc062723c751e8b465ee728b)  -> (artifact id: '42d402b061de3733987d63b9cc3b64de') in 0.012055 seconds 
  Import took 0.014920 seconds .

========================================================================
Received Import Request.
  Time since last request: 4.403735 seconds.
  path: Assets/yeti
  artifactKey: Guid(664157bc53ac5914f92ec399dce01deb) Importer(815301076,1909f56bfc062723c751e8b465ee728b)
Start importing Assets/yeti using Guid(664157bc53ac5914f92ec399dce01deb) Importer(815301076,1909f56bfc062723c751e8b465ee728b)  -> (artifact id: '159d7df6f765f239ae1057a1679ddc23') in 0.015837 seconds 
  Import took 0.018920 seconds .

========================================================================
Received Import Request.
  Time since last request: 8.496438 seconds.
  path: Assets/Low Poly Christmas Pack Free/Materials
  artifactKey: Guid(9dea66f3edbae49aab8847f24d6a2047) Importer(815301076,1909f56bfc062723c751e8b465ee728b)
Start importing Assets/Low Poly Christmas Pack Free/Materials using Guid(9dea66f3edbae49aab8847f24d6a2047) Importer(815301076,1909f56bfc062723c751e8b465ee728b)  -> (artifact id: 'd101ef25d9a085f3b7e169e55e3b0f3f') in 0.011566 seconds 
  Import took 0.014238 seconds .

========================================================================
Received Import Request.
  Time since last request: 0.045392 seconds.
  path: Assets/Low Poly Christmas Pack Free/Materials/Black.mat
  artifactKey: Guid(23207a364e96240e0beb90224e02b5a3) Importer(815301076,1909f56bfc062723c751e8b465ee728b)
Start importing Assets/Low Poly Christmas Pack Free/Materials/Black.mat using Guid(23207a364e96240e0beb90224e02b5a3) Importer(815301076,1909f56bfc062723c751e8b465ee728b)  -> (artifact id: '40051bc87000f2afb98eaeb026dc3256') in 0.037370 seconds 
  Import took 0.044215 seconds .

========================================================================
Received Import Request.
  Time since last request: 2.353067 seconds.
  path: Assets/Low Poly Christmas Pack Free/FBX/092 Broom.fbx
  artifactKey: Guid(e32e4686641954b6e88856289916d2b3) Importer(815301076,1909f56bfc062723c751e8b465ee728b)
Start importing Assets/Low Poly Christmas Pack Free/FBX/092 Broom.fbx using Guid(e32e4686641954b6e88856289916d2b3) Importer(815301076,1909f56bfc062723c751e8b465ee728b)  -> (artifact id: '9fb865fed1043303b8676a7861c0aa60') in 0.040274 seconds 
  Import took 0.044074 seconds .

========================================================================
Received Import Request.
  Time since last request: 0.000207 seconds.
  path: Assets/Low Poly Christmas Pack Free/FBX/098 Coffin.fbx
  artifactKey: Guid(7a54105f31e5b4ed8ab9000aa4f4bd9a) Importer(815301076,1909f56bfc062723c751e8b465ee728b)
Start importing Assets/Low Poly Christmas Pack Free/FBX/098 Coffin.fbx using Guid(7a54105f31e5b4ed8ab9000aa4f4bd9a) Importer(815301076,1909f56bfc062723c751e8b465ee728b)  -> (artifact id: '5cec12a0069c4b2f9cf23c0cb2acbdea') in 0.044851 seconds 
  Import took 0.048501 seconds .

========================================================================
Received Import Request.
  Time since last request: 0.000195 seconds.
  path: Assets/Low Poly Christmas Pack Free/FBX/093 Bucket.fbx
  artifactKey: Guid(023bec0a17bc445bb90f2e6f23177347) Importer(815301076,1909f56bfc062723c751e8b465ee728b)
Start importing Assets/Low Poly Christmas Pack Free/FBX/093 Bucket.fbx using Guid(023bec0a17bc445bb90f2e6f23177347) Importer(815301076,1909f56bfc062723c751e8b465ee728b)  -> (artifact id: '67dfe6d17013bc7594d11e51f93576ff') in 0.061112 seconds 
  Import took 0.063496 seconds .

========================================================================
Received Import Request.
  Time since last request: 0.000197 seconds.
  path: Assets/Low Poly Christmas Pack Free/FBX/094 Candle_Stand.fbx
  artifactKey: Guid(716330f3cc5a94c05990609a3d727b0a) Importer(815301076,1909f56bfc062723c751e8b465ee728b)
Start importing Assets/Low Poly Christmas Pack Free/FBX/094 Candle_Stand.fbx using Guid(716330f3cc5a94c05990609a3d727b0a) Importer(815301076,1909f56bfc062723c751e8b465ee728b)  -> (artifact id: '40055be2214e363581744766895d900b') in 0.059779 seconds 
  Import took 0.062178 seconds .

========================================================================
Received Import Request.
  Time since last request: 0.000207 seconds.
  path: Assets/Low Poly Christmas Pack Free/FBX/099 Box.fbx
  artifactKey: Guid(b4590675117c0413cb1bcace43c50c96) Importer(815301076,1909f56bfc062723c751e8b465ee728b)
Start importing Assets/Low Poly Christmas Pack Free/FBX/099 Box.fbx using Guid(b4590675117c0413cb1bcace43c50c96) Importer(815301076,1909f56bfc062723c751e8b465ee728b)  -> (artifact id: '2296419f3651f4d38cdd00ce736f4d6c') in 0.045167 seconds 
  Import took 0.047859 seconds .

========================================================================
Received Import Request.
  Time since last request: 0.000192 seconds.
  path: Assets/Low Poly Christmas Pack Free/FBX/100 Snow_Ball.fbx
  artifactKey: Guid(b082135c5774d49238c7dc46a63d622f) Importer(815301076,1909f56bfc062723c751e8b465ee728b)
Start importing Assets/Low Poly Christmas Pack Free/FBX/100 Snow_Ball.fbx using Guid(b082135c5774d49238c7dc46a63d622f) Importer(815301076,1909f56bfc062723c751e8b465ee728b)  -> (artifact id: 'e765456855f7b30d26d9c3f479d5b8de') in 0.087969 seconds 
  Import took 0.090774 seconds .

========================================================================
Received Import Request.
  Time since last request: 0.000212 seconds.
  path: Assets/Low Poly Christmas Pack Free/FBX/095 Gold_Coin.fbx
  artifactKey: Guid(59279c98e86db4dd288c91c219704009) Importer(815301076,1909f56bfc062723c751e8b465ee728b)
Start importing Assets/Low Poly Christmas Pack Free/FBX/095 Gold_Coin.fbx using Guid(59279c98e86db4dd288c91c219704009) Importer(815301076,1909f56bfc062723c751e8b465ee728b)  -> (artifact id: '4f828319f02df4afc20247c0997f40dd') in 0.043887 seconds 
  Import took 0.046877 seconds .

========================================================================
Received Import Request.
  Time since last request: 0.000212 seconds.
  path: Assets/Low Poly Christmas Pack Free/FBX/096 Plants.fbx
  artifactKey: Guid(30fdd48a2959c4603833a6d9ef282023) Importer(815301076,1909f56bfc062723c751e8b465ee728b)
Start importing Assets/Low Poly Christmas Pack Free/FBX/096 Plants.fbx using Guid(30fdd48a2959c4603833a6d9ef282023) Importer(815301076,1909f56bfc062723c751e8b465ee728b)  -> (artifact id: '0896f2a59e639a4c64ebbd8e537a633f') in 0.064857 seconds 
  Import took 0.068190 seconds .

========================================================================
Received Import Request.
  Time since last request: 0.000200 seconds.
  path: Assets/Low Poly Christmas Pack Free/FBX/100 Snow_Ball.prefab
  artifactKey: Guid(bb195bc7f38c54465a0dd8ff9742893b) Importer(815301076,1909f56bfc062723c751e8b465ee728b)
Start importing Assets/Low Poly Christmas Pack Free/FBX/100 Snow_Ball.prefab using Guid(bb195bc7f38c54465a0dd8ff9742893b) Importer(815301076,1909f56bfc062723c751e8b465ee728b)  -> (artifact id: '892296004aeb0f663a95a2c876b6c9f5') in 0.035679 seconds 
  Import took 0.039411 seconds .

========================================================================
Received Import Request.
  Time since last request: 0.000201 seconds.
  path: Assets/Low Poly Christmas Pack Free/FBX/097 Candle.fbx
  artifactKey: Guid(38522033f23b847b5b8ec806986898db) Importer(815301076,1909f56bfc062723c751e8b465ee728b)
Start importing Assets/Low Poly Christmas Pack Free/FBX/097 Candle.fbx using Guid(38522033f23b847b5b8ec806986898db) Importer(815301076,1909f56bfc062723c751e8b465ee728b)  -> (artifact id: '7e6b4eb1aa44b711dc7e88b6fa52af2b') in 0.049207 seconds 
  Import took 0.052271 seconds .

