Using pre-set license
Built from '2020.3/staging' branch; Version is '2020.3.17f1 (a4537701e4ab) revision 10769271'; Using compiler version '192528614'; Build Type 'Release'
OS: 'Windows 10 Home; OS build 19042.1348; Version 2009; 64bit' Language: 'en' Physical Memory: 8154 MB
BatchMode: 1, IsHumanControllingUs: 0, StartBugReporterOnCrash: 0, Is64bit: 1, IsPro: 0

COMMAND LINE ARGUMENTS:
C:\Program Files\Unity\Hub\Editor\2020.3.17f1\Editor\Unity.exe
-adb2
-batchMode
-noUpm
-name
AssetImportWorker0
-projectPath
C:/Users/DanB/Documents/GitHub/ChristmasTree/ChristmasTreeGame
-logFile
Logs/AssetImportWorker0.log
-srvPort
65083
Successfully changed project path to: C:/Users/DanB/Documents/GitHub/ChristmasTree/ChristmasTreeGame
C:/Users/DanB/Documents/GitHub/ChristmasTree/ChristmasTreeGame
Using Asset Import Pipeline V2.
Refreshing native plugins compatible for Editor in 33.20 ms, found 2 plugins.
Preloading 0 native plugins for Editor in 0.00 ms.
Initialize engine version: 2020.3.17f1 (a4537701e4ab)
[Subsystems] Discovering subsystems at path C:/Program Files/Unity/Hub/Editor/2020.3.17f1/Editor/Data/Resources/UnitySubsystems
[Subsystems] Discovering subsystems at path C:/Users/DanB/Documents/GitHub/ChristmasTree/ChristmasTreeGame/Assets
GfxDevice: creating device client; threaded=0
Direct3D:
    Version:  Direct3D 11.0 [level 11.1]
    Renderer: NVIDIA GeForce GTX 1060 6GB (ID=0x1c03)
    Vendor:   
    VRAM:     6052 MB
    Driver:   30.0.14.7196
Initialize mono
Mono path[0] = 'C:/Program Files/Unity/Hub/Editor/2020.3.17f1/Editor/Data/Managed'
Mono path[1] = 'C:/Program Files/Unity/Hub/Editor/2020.3.17f1/Editor/Data/MonoBleedingEdge/lib/mono/unityjit'
Mono config path = 'C:/Program Files/Unity/Hub/Editor/2020.3.17f1/Editor/Data/MonoBleedingEdge/etc'
Using monoOptions --debugger-agent=transport=dt_socket,embedding=1,server=y,suspend=n,address=127.0.0.1:56488
Begin MonoManager ReloadAssembly
Registering precompiled unity dll's ...
Register platform support module: C:/Program Files/Unity/Hub/Editor/2020.3.17f1/Editor/Data/PlaybackEngines/WebGLSupport/UnityEditor.WebGL.Extensions.dll
Register platform support module: C:/Program Files/Unity/Hub/Editor/2020.3.17f1/Editor/Data/PlaybackEngines/WindowsStandaloneSupport/UnityEditor.WindowsStandalone.Extensions.dll
Registered in 0.003921 seconds.
Native extension for WindowsStandalone target not found
Native extension for WebGL target not found
Refreshing native plugins compatible for Editor in 39.46 ms, found 2 plugins.
Preloading 0 native plugins for Editor in 0.00 ms.
Mono: successfully reloaded assembly
- Completed reload, in  2.349 seconds
Domain Reload Profiling:
	ReloadAssembly (2349ms)
		BeginReloadAssembly (66ms)
			ExecutionOrderSort (0ms)
			DisableScriptedObjects (0ms)
			BackupInstance (0ms)
			ReleaseScriptingObjects (0ms)
			CreateAndSetChildDomain (1ms)
		EndReloadAssembly (520ms)
			LoadAssemblies (65ms)
			RebuildTransferFunctionScriptingTraits (0ms)
			SetupTypeCache (201ms)
			ReleaseScriptCaches (0ms)
			RebuildScriptCaches (38ms)
			SetupLoadedEditorAssemblies (188ms)
				LogAssemblyErrors (0ms)
				InitializePlatformSupportModulesInManaged (7ms)
				SetLoadedEditorAssemblies (1ms)
				RefreshPlugins (40ms)
				BeforeProcessingInitializeOnLoad (20ms)
				ProcessInitializeOnLoadAttributes (92ms)
				ProcessInitializeOnLoadMethodAttributes (29ms)
				AfterProcessingInitializeOnLoad (0ms)
				EditorAssembliesLoaded (0ms)
			ExecutionOrderSort2 (0ms)
			AwakeInstancesAfterBackupRestoration (0ms)
Platform modules already initialized, skipping
Registering precompiled user dll's ...
Registered in 0.005042 seconds.
Begin MonoManager ReloadAssembly
Native extension for WindowsStandalone target not found
Native extension for WebGL target not found
Refreshing native plugins compatible for Editor in 0.30 ms, found 2 plugins.
Preloading 0 native plugins for Editor in 0.00 ms.
Mono: successfully reloaded assembly
- Completed reload, in  1.208 seconds
Domain Reload Profiling:
	ReloadAssembly (1208ms)
		BeginReloadAssembly (193ms)
			ExecutionOrderSort (0ms)
			DisableScriptedObjects (6ms)
			BackupInstance (0ms)
			ReleaseScriptingObjects (0ms)
			CreateAndSetChildDomain (23ms)
		EndReloadAssembly (934ms)
			LoadAssemblies (113ms)
			RebuildTransferFunctionScriptingTraits (0ms)
			SetupTypeCache (287ms)
			ReleaseScriptCaches (0ms)
			RebuildScriptCaches (44ms)
			SetupLoadedEditorAssemblies (409ms)
				LogAssemblyErrors (0ms)
				InitializePlatformSupportModulesInManaged (6ms)
				SetLoadedEditorAssemblies (0ms)
				RefreshPlugins (0ms)
				BeforeProcessingInitializeOnLoad (85ms)
				ProcessInitializeOnLoadAttributes (305ms)
				ProcessInitializeOnLoadMethodAttributes (4ms)
				AfterProcessingInitializeOnLoad (9ms)
				EditorAssembliesLoaded (0ms)
			ExecutionOrderSort2 (0ms)
			AwakeInstancesAfterBackupRestoration (7ms)
Platform modules already initialized, skipping
========================================================================
Worker process is ready to serve import requests
Launched and connected shader compiler UnityShaderCompiler.exe after 0.05 seconds
Refreshing native plugins compatible for Editor in 0.32 ms, found 2 plugins.
Preloading 0 native plugins for Editor in 0.00 ms.
Unloading 1397 Unused Serialized files (Serialized files now loaded: 0)
System memory in use before: 65.0 MB.
System memory in use after: 65.0 MB.

Unloading 18 unused Assets to reduce memory usage. Loaded Objects now: 1830.
Total: 2.722900 ms (FindLiveObjects: 0.130800 ms CreateObjectMapping: 0.041700 ms MarkObjects: 2.443600 ms  DeleteObjects: 0.105900 ms)

AssetImportParameters requested are different than current active one (requested -> active):
  custom:framework-win-MediaFoundation: 216162199b28c13a410421893ffa2e32 -> 
  custom:video-decoder-ogg-theora: a1e56fd34408186e4bbccfd4996cb3dc -> 
  custom:container-muxer-webm: aa71ff27fc2769a1b78a27578f13a17b -> 
  custom:container-demuxer-webm: 4f35f7cbe854078d1ac9338744f61a02 -> 
  custom:container-demuxer-ogg: 62fdf1f143b41e24485cea50d1cbac27 -> 
  custom:video-encoder-webm-vp8: eb34c28f22e8b96e1ab97ce403110664 -> 
  custom:video-codec-MediaFoundation-h265: 746d11721c4dcdbdad8f713fa42b33f4 -> 
  custom:video-decoder-webm-vp8: 9c59270c3fd7afecdb556c50c9e8de78 -> 
  custom:audio-decoder-ogg-vorbis: bf7c407c2cedff20999df2af8eb42d56 -> 
  custom:audio-encoder-webm-vorbis: bf7c407c2cedff20999df2af8eb42d56 -> 
========================================================================
Received Import Request.
  path: Assets/Scenes/Jon Scene.unity
  artifactKey: Guid(53f3dba1c5fae2c4eaeb0ebb2f0b4daa) Importer(815301076,1909f56bfc062723c751e8b465ee728b)
Start importing Assets/Scenes/Jon Scene.unity using Guid(53f3dba1c5fae2c4eaeb0ebb2f0b4daa) Importer(815301076,1909f56bfc062723c751e8b465ee728b)  -> (artifact id: 'a37c543be8c96b2f4dd14663662beb61') in 0.014933 seconds 
  Import took 0.016960 seconds .

========================================================================
Received Import Request.
  Time since last request: 11.380785 seconds.
  path: Assets/Dan's Folder
  artifactKey: Guid(8d8ff4053af07504ea919be3080d3ece) Importer(815301076,1909f56bfc062723c751e8b465ee728b)
Start importing Assets/Dan's Folder using Guid(8d8ff4053af07504ea919be3080d3ece) Importer(815301076,1909f56bfc062723c751e8b465ee728b)  -> (artifact id: '34243c2615263cfc1c6913cb4cc4dd4d') in 0.011105 seconds 
  Import took 0.022998 seconds .

========================================================================
Received Import Request.
  Time since last request: 28.612914 seconds.
  path: Assets/Dan's Folder/Ground.mat
  artifactKey: Guid(14b34374d2a299e419f3f53bd3307e1f) Importer(815301076,1909f56bfc062723c751e8b465ee728b)
Start importing Assets/Dan's Folder/Ground.mat using Guid(14b34374d2a299e419f3f53bd3307e1f) Importer(815301076,1909f56bfc062723c751e8b465ee728b)  -> (artifact id: '7348be4ed45caecbf4f89fa119eaccf7') in 0.127198 seconds 
  Import took 0.129960 seconds .

========================================================================
Received Import Request.
  Time since last request: 14.396762 seconds.
  path: Assets/Dan's Folder/Player.mat
  artifactKey: Guid(d26b3360b75eb774fb75597c46517749) Importer(815301076,1909f56bfc062723c751e8b465ee728b)
Start importing Assets/Dan's Folder/Player.mat using Guid(d26b3360b75eb774fb75597c46517749) Importer(815301076,1909f56bfc062723c751e8b465ee728b)  -> (artifact id: 'b145b6f105b077c69ab06460c88c3d71') in 0.016368 seconds 
  Import took 0.019426 seconds .

========================================================================
Received Import Request.
  Time since last request: 35.906875 seconds.
  path: Assets/Dan's Folder/Ground.mat
  artifactKey: Guid(14b34374d2a299e419f3f53bd3307e1f) Importer(815301076,1909f56bfc062723c751e8b465ee728b)
Start importing Assets/Dan's Folder/Ground.mat using Guid(14b34374d2a299e419f3f53bd3307e1f) Importer(815301076,1909f56bfc062723c751e8b465ee728b)  -> (artifact id: 'c58bc5ffe0a12eda9cde7816be6ee45f') in 0.015328 seconds 
  Import took 0.018308 seconds .

========================================================================
Received Import Request.
  Time since last request: 0.000207 seconds.
  path: Assets/Dan's Folder/Player.mat
  artifactKey: Guid(d26b3360b75eb774fb75597c46517749) Importer(815301076,1909f56bfc062723c751e8b465ee728b)
Start importing Assets/Dan's Folder/Player.mat using Guid(d26b3360b75eb774fb75597c46517749) Importer(815301076,1909f56bfc062723c751e8b465ee728b)  -> (artifact id: '0b0972d4dd10075f93eba9b6f81a9e67') in 0.017243 seconds 
  Import took 0.020111 seconds .

